pep_query	3151	100.000	4	0	0	15	18	3	6	0.37	16.7	100.00	17	23	8	4
pep_query	3712	100.000	4	0	0	15	18	2	5	0.44	16.7	100.00	17	23	9	4
pep_query	3493	100.000	4	0	0	15	18	1	4	0.44	16.7	100.00	17	23	9	4
pep_query	3458	100.000	4	0	0	15	18	3	6	0.51	16.7	100.00	17	23	10	4
pep_query	3492	100.000	4	0	0	15	18	1	4	0.57	16.7	100.00	17	23	11	4
pep_query	3410	100.000	3	0	0	7	9	2	4	2.9	13.0	100.00	17	23	4	3
pep_query	3410	66.667	3	1	0	6	8	2	4	589	 7.3	66.67	17	23	4	2
pep_query	3594	80.000	5	1	0	13	17	5	9	3.7	14.7	80.00	48	23	17	4
pep_query	3594	75.000	4	1	0	6	9	7	10	59	11.0	75.00	48	23	17	3
pep_query	3594	80.000	5	0	1	16	19	2	6	148	 9.7	80.00	48	23	17	4
pep_query	3594	100.000	2	0	0	6	7	6	7	200	 9.3	100.00	48	23	17	2
pep_query	3709	100.000	3	0	0	13	15	3	5	4.2	13.0	100.00	26	23	5	3
pep_query	3709	100.000	2	0	0	18	19	3	4	113	 9.3	100.00	26	23	5	2
pep_query	3709	66.667	3	1	0	14	16	2	4	673	 7.3	66.67	26	23	5	2
pep_query	3604	100.000	3	0	0	12	14	3	5	4.2	13.0	100.00	13	23	5	3
pep_query	3373	100.000	3	0	0	14	16	1	3	4.2	13.0	100.00	30	23	5	3
pep_query	3373	100.000	3	0	0	7	9	3	5	4.2	13.0	100.00	30	23	5	3
pep_query	3373	66.667	3	1	0	6	8	3	5	673	 7.3	66.67	30	23	5	2
pep_query	3275	80.000	5	1	0	13	17	2	6	4.3	14.7	80.00	74	23	27	4
pep_query	3275	75.000	4	1	0	6	9	4	7	64	11.0	75.00	74	23	27	3
pep_query	3275	100.000	2	0	0	18	19	2	3	214	 9.3	100.00	74	23	27	2
pep_query	3275	100.000	2	0	0	6	7	3	4	214	 9.3	100.00	74	23	27	2
pep_query	3275	100.000	2	0	0	20	21	14	15	214	 9.3	100.00	74	23	27	2
pep_query	3275	100.000	2	0	0	14	15	18	19	214	 9.3	100.00	74	23	27	2
pep_query	3275	100.000	2	0	0	4	5	21	22	214	 9.3	100.00	74	23	27	2
pep_query	3275	66.667	3	1	0	6	8	18	20	960	 7.3	66.67	74	23	27	2
pep_query	3275	66.667	3	1	0	7	9	18	20	960	 7.3	66.67	74	23	27	2
pep_query	3275	66.667	3	1	0	9	11	24	26	960	 7.3	66.67	74	23	27	2
pep_query	3569	80.000	5	1	0	15	19	7	11	4.4	14.7	80.00	52	23	33	4
pep_query	3569	100.000	2	0	0	11	12	9	10	218	 9.3	100.00	52	23	33	2
pep_query	3569	100.000	2	0	0	13	14	10	11	218	 9.3	100.00	52	23	33	2
pep_query	3569	100.000	2	0	0	6	7	28	29	218	 9.3	100.00	52	23	33	2
pep_query	3569	66.667	3	1	0	5	7	17	19	972	 7.3	66.67	52	23	33	2
pep_query	3569	66.667	3	1	0	5	7	31	33	972	 7.3	66.67	52	23	33	2
pep_query	3567	80.000	5	1	0	15	19	13	17	4.6	14.7	80.00	52	23	40	4
pep_query	3567	100.000	2	0	0	5	6	6	7	222	 9.3	100.00	52	23	40	2
pep_query	3567	100.000	2	0	0	11	12	15	16	222	 9.3	100.00	52	23	40	2
pep_query	3567	100.000	2	0	0	13	14	16	17	222	 9.3	100.00	52	23	40	2
pep_query	3567	100.000	2	0	0	6	7	34	35	222	 9.3	100.00	52	23	40	2
pep_query	3567	66.667	3	1	0	5	7	23	25	982	 7.3	66.67	52	23	40	2
pep_query	3567	66.667	3	1	0	5	7	37	39	982	 7.3	66.67	52	23	40	2
pep_query	3121	62.500	8	3	0	2	9	13	20	5.4	14.2	62.50	61	23	21	5
pep_query	3121	100.000	2	0	0	21	22	8	9	208	 9.3	100.00	61	23	21	2
pep_query	3121	100.000	2	0	0	9	10	19	20	208	 9.3	100.00	61	23	21	2
pep_query	3121	66.667	3	1	0	11	13	12	14	942	 7.3	66.67	61	23	21	2
pep_query	3637	100.000	3	0	0	12	14	4	6	5.6	13.0	100.00	30	23	6	3
pep_query	3637	75.000	4	1	0	16	19	3	6	33	11.0	75.00	30	23	6	3
pep_query	3637	100.000	2	0	0	13	14	2	3	133	 9.3	100.00	30	23	6	2
pep_query	3637	100.000	2	0	0	18	19	2	3	133	 9.3	100.00	30	23	6	2
pep_query	3544	100.000	3	0	0	10	12	2	4	5.6	13.0	100.00	13	23	6	3
pep_query	3088	62.500	8	3	0	2	9	45	52	6.5	14.2	62.50	78	23	64	5
pep_query	3088	75.000	4	1	0	20	23	59	62	70	11.0	75.00	78	23	64	3
pep_query	3088	100.000	2	0	0	8	9	4	5	228	 9.3	100.00	78	23	64	2
pep_query	3088	100.000	2	0	0	9	10	4	5	228	 9.3	100.00	78	23	64	2
pep_query	3088	100.000	2	0	0	21	22	40	41	228	 9.3	100.00	78	23	64	2
pep_query	3088	100.000	2	0	0	9	10	51	52	228	 9.3	100.00	78	23	64	2
pep_query	3088	100.000	2	0	0	2	3	52	53	228	 9.3	100.00	78	23	64	2
pep_query	3088	66.667	3	1	0	11	13	22	24	998	 7.3	66.67	78	23	64	2
pep_query	3088	66.667	3	1	0	9	11	25	27	998	 7.3	66.67	78	23	64	2
pep_query	3088	66.667	3	1	0	21	23	26	28	998	 7.3	66.67	78	23	64	2
pep_query	3088	66.667	3	1	0	21	23	28	30	998	 7.3	66.67	78	23	64	2
pep_query	3088	66.667	3	1	0	18	20	32	34	998	 7.3	66.67	78	23	64	2
pep_query	3088	66.667	3	1	0	11	13	44	46	998	 7.3	66.67	78	23	64	2
pep_query	3605	100.000	3	0	0	10	12	4	6	6.9	13.0	100.00	26	23	7	3
pep_query	3605	66.667	3	1	0	18	20	1	3	773	 7.3	66.67	26	23	7	2
pep_query	3561	100.000	3	0	0	2	4	2	4	6.9	13.0	100.00	13	23	7	3
pep_query	3543	100.000	3	0	0	10	12	2	4	6.9	13.0	100.00	13	23	7	3
pep_query	3330	100.000	3	0	0	14	16	4	6	6.9	13.0	100.00	22	23	7	3
pep_query	3330	100.000	2	0	0	21	22	3	4	148	 9.3	100.00	22	23	7	2
pep_query	3650	100.000	3	0	0	2	4	3	5	8.0	13.0	100.00	26	23	8	3
pep_query	3650	66.667	3	1	0	8	10	1	3	805	 7.3	66.67	26	23	8	2
pep_query	3642	100.000	3	0	0	11	13	3	5	8.0	13.0	100.00	13	23	8	3
pep_query	3642	66.667	3	1	0	11	13	2	4	805	 7.3	66.67	13	23	8	2
pep_query	3518	100.000	3	0	0	16	18	2	4	8.0	13.0	100.00	35	23	8	3
pep_query	3518	100.000	2	0	0	6	7	6	7	159	 9.3	100.00	35	23	8	2
pep_query	3518	66.667	3	1	0	12	14	4	6	805	 7.3	66.67	35	23	8	2
pep_query	3274	100.000	3	0	0	12	14	4	6	8.0	13.0	100.00	30	23	8	3
pep_query	3274	100.000	2	0	0	18	19	5	6	159	 9.3	100.00	30	23	8	2
pep_query	3274	100.000	2	0	0	16	17	6	7	159	 9.3	100.00	30	23	8	2
pep_query	3623	100.000	3	0	0	2	4	3	5	9.0	13.0	100.00	26	23	9	3
pep_query	3623	66.667	3	1	0	8	10	1	3	829	 7.3	66.67	26	23	9	2
pep_query	3658	100.000	3	0	0	7	9	7	9	9.8	13.0	100.00	22	23	10	3
pep_query	3658	100.000	2	0	0	9	10	8	9	175	 9.3	100.00	22	23	10	2
pep_query	3658	66.667	3	1	0	8	10	6	8	849	 7.3	66.67	22	23	10	2
pep_query	3658	66.667	3	1	0	6	8	7	9	849	 7.3	66.67	22	23	10	2
pep_query	3560	100.000	3	0	0	2	4	6	8	9.8	13.0	100.00	26	23	10	3
pep_query	3560	66.667	3	1	0	8	10	4	6	849	 7.3	66.67	26	23	10	2
pep_query	3175	100.000	3	0	0	2	4	2	4	9.8	13.0	100.00	35	23	10	3
pep_query	3175	100.000	2	0	0	15	16	8	9	175	 9.3	100.00	35	23	10	2
pep_query	3175	66.667	3	1	0	12	14	7	9	849	 7.3	66.67	35	23	10	2
pep_query	3714	100.000	3	0	0	2	4	2	4	10	13.0	100.00	35	23	11	3
pep_query	3714	100.000	2	0	0	15	16	8	9	180	 9.3	100.00	35	23	11	2
pep_query	3714	66.667	3	1	0	12	14	7	9	865	 7.3	66.67	35	23	11	2
pep_query	3687	100.000	3	0	0	11	13	3	5	10	13.0	100.00	13	23	11	3
pep_query	3687	66.667	3	1	0	11	13	2	4	865	 7.3	66.67	13	23	11	2
pep_query	3162	100.000	3	0	0	2	4	2	4	10	13.0	100.00	35	23	11	3
pep_query	3162	100.000	2	0	0	15	16	8	9	180	 9.3	100.00	35	23	11	2
pep_query	3162	66.667	3	1	0	12	14	7	9	865	 7.3	66.67	35	23	11	2
pep_query	3647	100.000	3	0	0	7	9	9	11	11	13.0	100.00	22	23	12	3
pep_query	3647	100.000	2	0	0	9	10	10	11	185	 9.3	100.00	22	23	12	2
pep_query	3647	66.667	3	1	0	8	10	8	10	879	 7.3	66.67	22	23	12	2
pep_query	3647	66.667	3	1	0	6	8	9	11	879	 7.3	66.67	22	23	12	2
pep_query	3562	100.000	3	0	0	2	4	7	9	11	13.0	100.00	26	23	12	3
pep_query	3562	66.667	3	1	0	8	10	5	7	879	 7.3	66.67	26	23	12	2
pep_query	3627	100.000	3	0	0	7	9	10	12	11	13.0	100.00	22	23	13	3
pep_query	3627	100.000	2	0	0	9	10	11	12	189	 9.3	100.00	22	23	13	2
pep_query	3627	66.667	3	1	0	8	10	9	11	890	 7.3	66.67	22	23	13	2
pep_query	3627	66.667	3	1	0	6	8	10	12	890	 7.3	66.67	22	23	13	2
pep_query	3618	100.000	3	0	0	12	14	3	5	11	13.0	100.00	52	23	13	3
pep_query	3618	100.000	2	0	0	18	19	4	5	189	 9.3	100.00	52	23	13	2
pep_query	3618	100.000	2	0	0	2	3	9	10	189	 9.3	100.00	52	23	13	2
pep_query	3618	60.000	5	2	0	6	10	5	9	258	 8.9	60.00	52	23	13	3
pep_query	3174	100.000	3	0	0	12	14	2	4	11	13.0	100.00	52	23	13	3
pep_query	3174	100.000	2	0	0	18	19	3	4	189	 9.3	100.00	52	23	13	2
pep_query	3174	100.000	2	0	0	2	3	8	9	189	 9.3	100.00	52	23	13	2
pep_query	3174	60.000	5	2	0	6	10	4	8	258	 8.9	60.00	52	23	13	3
pep_query	3624	100.000	3	0	0	16	18	10	12	12	13.0	100.00	61	23	15	3
pep_query	3624	50.000	10	5	0	10	19	6	15	106	10.2	50.00	61	23	15	5
pep_query	3624	100.000	2	0	0	7	8	5	6	196	 9.3	100.00	61	23	15	2
pep_query	3624	100.000	2	0	0	3	4	8	9	196	 9.3	100.00	61	23	15	2
pep_query	3660	100.000	3	0	0	11	13	3	5	12	13.0	100.00	26	23	16	3
pep_query	3660	100.000	2	0	0	13	14	12	13	198	 9.3	100.00	26	23	16	2
pep_query	3660	100.000	2	0	0	18	19	12	13	198	 9.3	100.00	26	23	16	2
pep_query	3648	100.000	3	0	0	7	9	7	9	12	13.0	100.00	35	23	16	3
pep_query	3648	100.000	2	0	0	9	10	8	9	198	 9.3	100.00	35	23	16	2
pep_query	3648	100.000	2	0	0	8	9	14	15	198	 9.3	100.00	35	23	16	2
pep_query	3648	100.000	2	0	0	9	10	14	15	198	 9.3	100.00	35	23	16	2
pep_query	3648	66.667	3	1	0	8	10	6	8	915	 7.3	66.67	35	23	16	2
pep_query	3648	66.667	3	1	0	6	8	7	9	915	 7.3	66.67	35	23	16	2
pep_query	3648	66.667	3	1	0	2	4	9	11	915	 7.3	66.67	35	23	16	2
pep_query	3564	100.000	3	0	0	2	4	12	14	12	13.0	100.00	61	23	16	3
pep_query	3564	100.000	2	0	0	6	7	3	4	198	 9.3	100.00	61	23	16	2
pep_query	3564	66.667	3	1	0	12	14	1	3	915	 7.3	66.67	61	23	16	2
pep_query	3564	66.667	3	1	0	17	19	2	4	915	 7.3	66.67	61	23	16	2
pep_query	3564	66.667	3	1	0	8	10	10	12	915	 7.3	66.67	61	23	16	2
pep_query	3549	100.000	3	0	0	2	4	13	15	13	13.0	100.00	61	23	17	3
pep_query	3549	100.000	2	0	0	6	7	4	5	200	 9.3	100.00	61	23	17	2
pep_query	3549	66.667	3	1	0	12	14	2	4	922	 7.3	66.67	61	23	17	2
pep_query	3549	66.667	3	1	0	17	19	3	5	922	 7.3	66.67	61	23	17	2
pep_query	3549	66.667	3	1	0	8	10	11	13	922	 7.3	66.67	61	23	17	2
pep_query	3591	100.000	3	0	0	11	13	10	12	13	13.0	100.00	17	23	18	3
pep_query	3591	66.667	3	1	0	12	14	5	7	928	 7.3	66.67	17	23	18	2
pep_query	3591	66.667	3	1	0	11	13	9	11	928	 7.3	66.67	17	23	18	2
pep_query	3552	100.000	3	0	0	16	18	1	3	13	13.0	100.00	61	23	18	3
pep_query	3552	100.000	3	0	0	2	4	14	16	13	13.0	100.00	61	23	18	3
pep_query	3552	100.000	2	0	0	6	7	5	6	203	 9.3	100.00	61	23	18	2
pep_query	3552	66.667	3	1	0	12	14	3	5	928	 7.3	66.67	61	23	18	2
pep_query	3552	66.667	3	1	0	8	10	12	14	928	 7.3	66.67	61	23	18	2
pep_query	3501	100.000	3	0	0	2	4	8	10	13	13.0	100.00	43	23	19	3
pep_query	3501	100.000	3	0	0	17	19	17	19	13	13.0	100.00	43	23	19	3
pep_query	3501	66.667	3	1	0	8	10	6	8	933	 7.3	66.67	43	23	19	2
pep_query	3501	66.667	3	1	0	18	20	14	16	933	 7.3	66.67	43	23	19	2
pep_query	3661	100.000	3	0	0	11	13	3	5	13	13.0	100.00	26	23	20	3
pep_query	3661	100.000	2	0	0	13	14	12	13	206	 9.3	100.00	26	23	20	2
pep_query	3661	100.000	2	0	0	18	19	12	13	206	 9.3	100.00	26	23	20	2
pep_query	3156	100.000	3	0	0	12	14	4	6	13	13.0	100.00	52	23	20	3
pep_query	3156	100.000	2	0	0	18	19	5	6	206	 9.3	100.00	52	23	20	2
pep_query	3156	100.000	2	0	0	2	3	10	11	206	 9.3	100.00	52	23	20	2
pep_query	3156	100.000	2	0	0	6	7	17	18	206	 9.3	100.00	52	23	20	2
pep_query	3156	60.000	5	2	0	6	10	6	10	279	 8.9	60.00	52	23	20	3
pep_query	3156	66.667	3	1	0	12	14	15	17	938	 7.3	66.67	52	23	20	2
pep_query	3572	100.000	3	0	0	11	13	10	12	14	13.0	100.00	35	23	21	3
pep_query	3572	60.000	5	2	0	9	13	15	19	281	 8.9	60.00	35	23	21	3
pep_query	3572	66.667	3	1	0	11	13	9	11	942	 7.3	66.67	35	23	21	2
pep_query	3572	66.667	3	1	0	18	20	12	14	942	 7.3	66.67	35	23	21	2
pep_query	3534	100.000	3	0	0	10	12	8	10	14	13.0	100.00	52	23	23	3
pep_query	3534	100.000	2	0	0	6	7	19	20	210	 9.3	100.00	52	23	23	2
pep_query	3534	66.667	3	1	0	18	20	5	7	949	 7.3	66.67	52	23	23	2
pep_query	3534	66.667	3	1	0	12	14	17	19	949	 7.3	66.67	52	23	23	2
pep_query	3534	66.667	3	1	0	14	16	20	22	949	 7.3	66.67	52	23	23	2
pep_query	3525	100.000	3	0	0	16	18	16	18	14	13.0	100.00	65	23	23	3
pep_query	3525	50.000	10	5	0	10	19	12	21	115	10.2	50.00	65	23	23	5
pep_query	3525	100.000	2	0	0	7	8	11	12	210	 9.3	100.00	65	23	23	2
pep_query	3525	100.000	2	0	0	3	4	14	15	210	 9.3	100.00	65	23	23	2
pep_query	3525	100.000	2	0	0	6	7	20	21	210	 9.3	100.00	65	23	23	2
pep_query	3728	100.000	3	0	0	12	14	4	6	14	13.0	100.00	43	23	24	3
pep_query	3728	100.000	3	0	0	11	13	19	21	14	13.0	100.00	43	23	24	3
pep_query	3728	75.000	4	1	0	16	19	3	6	63	11.0	75.00	43	23	24	3
pep_query	3728	100.000	2	0	0	13	14	2	3	211	 9.3	100.00	43	23	24	2
pep_query	3728	100.000	2	0	0	18	19	2	3	211	 9.3	100.00	43	23	24	2
pep_query	3728	100.000	2	0	0	16	17	6	7	211	 9.3	100.00	43	23	24	2
pep_query	3728	66.667	3	1	0	10	12	9	11	952	 7.3	66.67	43	23	24	2
pep_query	3728	66.667	3	1	0	18	20	11	13	952	 7.3	66.67	43	23	24	2
pep_query	3728	66.667	3	1	0	12	14	14	16	952	 7.3	66.67	43	23	24	2
pep_query	3728	66.667	3	1	0	11	13	18	20	952	 7.3	66.67	43	23	24	2
pep_query	3533	100.000	3	0	0	10	12	8	10	14	13.0	100.00	52	23	24	3
pep_query	3533	100.000	2	0	0	6	7	19	20	211	 9.3	100.00	52	23	24	2
pep_query	3533	66.667	3	1	0	18	20	5	7	952	 7.3	66.67	52	23	24	2
pep_query	3533	66.667	3	1	0	12	14	17	19	952	 7.3	66.67	52	23	24	2
pep_query	3533	66.667	3	1	0	14	16	20	22	952	 7.3	66.67	52	23	24	2
pep_query	3524	100.000	3	0	0	16	18	16	18	14	13.0	100.00	65	23	24	3
pep_query	3524	50.000	10	5	0	10	19	12	21	116	10.2	50.00	65	23	24	5
pep_query	3524	100.000	2	0	0	7	8	11	12	211	 9.3	100.00	65	23	24	2
pep_query	3524	100.000	2	0	0	3	4	14	15	211	 9.3	100.00	65	23	24	2
pep_query	3524	100.000	2	0	0	6	7	20	21	211	 9.3	100.00	65	23	24	2
pep_query	3697	100.000	3	0	0	12	14	4	6	14	13.0	100.00	43	23	25	3
pep_query	3697	100.000	3	0	0	11	13	19	21	14	13.0	100.00	43	23	25	3
pep_query	3697	75.000	4	1	0	16	19	3	6	64	11.0	75.00	43	23	25	3
pep_query	3697	100.000	2	0	0	13	14	2	3	212	 9.3	100.00	43	23	25	2
pep_query	3697	100.000	2	0	0	18	19	2	3	212	 9.3	100.00	43	23	25	2
pep_query	3697	100.000	2	0	0	16	17	6	7	212	 9.3	100.00	43	23	25	2
pep_query	3697	66.667	3	1	0	10	12	9	11	955	 7.3	66.67	43	23	25	2
pep_query	3697	66.667	3	1	0	18	20	11	13	955	 7.3	66.67	43	23	25	2
pep_query	3697	66.667	3	1	0	12	14	14	16	955	 7.3	66.67	43	23	25	2
pep_query	3697	66.667	3	1	0	11	13	18	20	955	 7.3	66.67	43	23	25	2
pep_query	3532	100.000	3	0	0	10	12	8	10	14	13.0	100.00	52	23	26	3
pep_query	3532	100.000	2	0	0	6	7	19	20	213	 9.3	100.00	52	23	26	2
pep_query	3532	66.667	3	1	0	18	20	5	7	958	 7.3	66.67	52	23	26	2
pep_query	3532	66.667	3	1	0	12	14	17	19	958	 7.3	66.67	52	23	26	2
pep_query	3532	66.667	3	1	0	14	16	20	22	958	 7.3	66.67	52	23	26	2
pep_query	3362	100.000	3	0	0	2	4	21	23	14	13.0	100.00	48	23	28	3
pep_query	3362	100.000	2	0	0	8	9	6	7	215	 9.3	100.00	48	23	28	2
pep_query	3362	100.000	2	0	0	9	10	6	7	215	 9.3	100.00	48	23	28	2
pep_query	3362	100.000	2	0	0	8	9	16	17	215	 9.3	100.00	48	23	28	2
pep_query	3362	100.000	2	0	0	9	10	16	17	215	 9.3	100.00	48	23	28	2
pep_query	3362	66.667	3	1	0	21	23	9	11	963	 7.3	66.67	48	23	28	2
pep_query	3362	66.667	3	1	0	2	4	12	14	963	 7.3	66.67	48	23	28	2
pep_query	3362	66.667	3	1	0	6	8	19	21	963	 7.3	66.67	48	23	28	2
pep_query	3362	66.667	3	1	0	7	9	19	21	963	 7.3	66.67	48	23	28	2
pep_query	3523	100.000	3	0	0	16	18	16	18	15	13.0	100.00	74	23	34	3
pep_query	3523	100.000	3	0	0	2	4	29	31	15	13.0	100.00	74	23	34	3
pep_query	3523	50.000	10	5	0	10	19	12	21	121	10.2	50.00	74	23	34	5
pep_query	3523	100.000	2	0	0	7	8	11	12	219	 9.3	100.00	74	23	34	2
pep_query	3523	100.000	2	0	0	3	4	14	15	219	 9.3	100.00	74	23	34	2
pep_query	3523	100.000	2	0	0	6	7	20	21	219	 9.3	100.00	74	23	34	2
pep_query	3523	66.667	3	1	0	8	10	27	29	974	 7.3	66.67	74	23	34	2
pep_query	3522	100.000	3	0	0	16	18	16	18	15	13.0	100.00	74	23	36	3
pep_query	3522	100.000	3	0	0	2	4	29	31	15	13.0	100.00	74	23	36	3
pep_query	3522	50.000	10	5	0	10	19	12	21	121	10.2	50.00	74	23	36	5
pep_query	3522	100.000	2	0	0	7	8	11	12	220	 9.3	100.00	74	23	36	2
pep_query	3522	100.000	2	0	0	3	4	14	15	220	 9.3	100.00	74	23	36	2
pep_query	3522	100.000	2	0	0	6	7	20	21	220	 9.3	100.00	74	23	36	2
pep_query	3522	66.667	3	1	0	8	10	27	29	977	 7.3	66.67	74	23	36	2
pep_query	3521	100.000	3	0	0	16	18	16	18	15	13.0	100.00	78	23	37	3
pep_query	3521	100.000	3	0	0	2	4	29	31	15	13.0	100.00	78	23	37	3
pep_query	3521	50.000	10	5	0	10	19	12	21	121	10.2	50.00	78	23	37	5
pep_query	3521	100.000	2	0	0	7	8	11	12	220	 9.3	100.00	78	23	37	2
pep_query	3521	100.000	2	0	0	3	4	14	15	220	 9.3	100.00	78	23	37	2
pep_query	3521	100.000	2	0	0	6	7	20	21	220	 9.3	100.00	78	23	37	2
pep_query	3521	66.667	3	1	0	8	10	27	29	978	 7.3	66.67	78	23	37	2
pep_query	3521	66.667	3	1	0	18	20	35	37	978	 7.3	66.67	78	23	37	2
pep_query	3063	100.000	3	0	0	20	22	57	59	17	13.0	100.00	91	23	333	3
pep_query	3063	66.667	6	2	0	12	17	228	233	22	12.6	66.67	91	23	333	4
pep_query	3063	55.556	9	4	0	3	11	244	252	30	12.2	55.56	91	23	333	5
pep_query	3063	75.000	4	1	0	19	22	325	328	73	11.0	75.00	91	23	333	3
pep_query	3063	100.000	2	0	0	2	3	14	15	236	 9.3	100.00	91	23	333	2
pep_query	3063	100.000	2	0	0	10	11	32	33	236	 9.3	100.00	91	23	333	2
pep_query	3063	100.000	2	0	0	15	16	42	43	236	 9.3	100.00	91	23	333	2
pep_query	3063	100.000	2	0	0	7	8	218	219	236	 9.3	100.00	91	23	333	2
pep_query	3063	100.000	2	0	0	2	3	219	220	236	 9.3	100.00	91	23	333	2
pep_query	3063	100.000	2	0	0	18	19	228	229	236	 9.3	100.00	91	23	333	2
pep_query	3063	100.000	2	0	0	6	7	229	230	236	 9.3	100.00	91	23	333	2
pep_query	3063	100.000	2	0	0	14	15	247	248	236	 9.3	100.00	91	23	333	2
pep_query	3063	100.000	2	0	0	6	7	270	271	236	 9.3	100.00	91	23	333	2
pep_query	3063	100.000	2	0	0	8	9	292	293	236	 9.3	100.00	91	23	333	2
pep_query	3063	100.000	2	0	0	9	10	292	293	236	 9.3	100.00	91	23	333	2
pep_query	3063	100.000	2	0	0	6	7	298	299	236	 9.3	100.00	91	23	333	2
pep_query	3063	100.000	2	0	0	15	16	304	305	236	 9.3	100.00	91	23	333	2
pep_query	3063	100.000	2	0	0	10	11	311	312	236	 9.3	100.00	91	23	333	2
pep_query	3063	100.000	2	0	0	15	16	317	318	236	 9.3	100.00	91	23	333	2
pep_query	3062	100.000	3	0	0	20	22	57	59	17	13.0	100.00	91	23	344	3
pep_query	3062	66.667	6	2	0	12	17	228	233	22	12.6	66.67	91	23	344	4
pep_query	3062	55.556	9	4	0	3	11	244	252	30	12.2	55.56	91	23	344	5
pep_query	3062	75.000	4	1	0	19	22	325	328	73	11.0	75.00	91	23	344	3
pep_query	3062	100.000	2	0	0	2	3	14	15	236	 9.3	100.00	91	23	344	2
pep_query	3062	100.000	2	0	0	10	11	32	33	236	 9.3	100.00	91	23	344	2
pep_query	3062	100.000	2	0	0	15	16	42	43	236	 9.3	100.00	91	23	344	2
pep_query	3062	100.000	2	0	0	7	8	218	219	236	 9.3	100.00	91	23	344	2
pep_query	3062	100.000	2	0	0	2	3	219	220	236	 9.3	100.00	91	23	344	2
pep_query	3062	100.000	2	0	0	18	19	228	229	236	 9.3	100.00	91	23	344	2
pep_query	3062	100.000	2	0	0	6	7	229	230	236	 9.3	100.00	91	23	344	2
pep_query	3062	100.000	2	0	0	14	15	247	248	236	 9.3	100.00	91	23	344	2
pep_query	3062	100.000	2	0	0	6	7	270	271	236	 9.3	100.00	91	23	344	2
pep_query	3062	100.000	2	0	0	8	9	292	293	236	 9.3	100.00	91	23	344	2
pep_query	3062	100.000	2	0	0	9	10	292	293	236	 9.3	100.00	91	23	344	2
pep_query	3062	100.000	2	0	0	6	7	298	299	236	 9.3	100.00	91	23	344	2
pep_query	3062	100.000	2	0	0	15	16	304	305	236	 9.3	100.00	91	23	344	2
pep_query	3062	100.000	2	0	0	10	11	311	312	236	 9.3	100.00	91	23	344	2
pep_query	3062	100.000	2	0	0	15	16	317	318	236	 9.3	100.00	91	23	344	2
pep_query	3062	100.000	2	0	0	12	13	336	337	236	 9.3	100.00	91	23	344	2
pep_query	3062	100.000	2	0	0	3	4	337	338	236	 9.3	100.00	91	23	344	2
pep_query	3718	75.000	4	1	0	7	10	1	4	19	11.0	75.00	17	23	4	3
pep_query	3595	75.000	4	1	0	6	9	1	4	19	11.0	75.00	26	23	4	3
pep_query	3595	100.000	2	0	0	16	17	2	3	87	 9.3	100.00	26	23	4	2
pep_query	3365	75.000	4	1	0	7	10	1	4	19	11.0	75.00	30	23	4	3
pep_query	3365	66.667	3	1	0	14	16	1	3	589	 7.3	66.67	30	23	4	2
pep_query	3391	75.000	4	1	0	7	10	2	5	26	11.0	75.00	39	23	5	3
pep_query	3391	60.000	5	2	0	5	9	1	5	162	 8.9	60.00	39	23	5	3
pep_query	3391	66.667	3	1	0	14	16	2	4	673	 7.3	66.67	39	23	5	2
pep_query	3302	75.000	4	1	0	7	10	2	5	26	11.0	75.00	17	23	5	3
pep_query	3242	75.000	4	1	0	7	10	1	4	26	11.0	75.00	30	23	5	3
pep_query	3242	66.667	3	1	0	14	16	1	3	673	 7.3	66.67	30	23	5	2
pep_query	3242	66.667	3	1	0	14	16	3	5	673	 7.3	66.67	30	23	5	2
pep_query	3237	75.000	4	1	0	7	10	1	4	26	11.0	75.00	17	23	5	3
pep_query	3095	75.000	4	1	0	7	10	1	4	26	11.0	75.00	17	23	5	3
pep_query	3726	75.000	4	1	0	19	22	2	5	33	11.0	75.00	17	23	6	3
pep_query	3607	75.000	4	1	0	7	10	2	5	33	11.0	75.00	17	23	6	3
pep_query	3590	75.000	4	1	0	7	10	2	5	33	11.0	75.00	17	23	6	3
pep_query	3377	75.000	4	1	0	7	10	3	6	33	11.0	75.00	17	23	6	3
pep_query	3370	75.000	4	1	0	7	10	3	6	33	11.0	75.00	39	23	6	3
pep_query	3370	80.000	5	0	1	5	8	2	6	94	 9.7	80.00	39	23	6	4
pep_query	3370	66.667	3	1	0	14	16	1	3	731	 7.3	66.67	39	23	6	2
pep_query	3370	66.667	3	1	0	14	16	3	5	731	 7.3	66.67	39	23	6	2
pep_query	3241	75.000	4	1	0	7	10	1	4	33	11.0	75.00	30	23	6	3
pep_query	3241	66.667	3	1	0	14	16	1	3	731	 7.3	66.67	30	23	6	2
pep_query	3241	66.667	3	1	0	14	16	3	5	731	 7.3	66.67	30	23	6	2
pep_query	3441	75.000	4	1	0	10	13	2	5	38	11.0	75.00	17	23	7	3
pep_query	3376	75.000	4	1	0	7	10	3	6	38	11.0	75.00	17	23	7	3
pep_query	3369	75.000	4	1	0	7	10	3	6	38	11.0	75.00	39	23	7	3
pep_query	3369	80.000	5	0	1	5	8	2	6	106	 9.7	80.00	39	23	7	4
pep_query	3369	66.667	3	1	0	14	16	1	3	773	 7.3	66.67	39	23	7	2
pep_query	3369	66.667	3	1	0	14	16	3	5	773	 7.3	66.67	39	23	7	2
pep_query	3369	66.667	3	1	0	14	16	5	7	773	 7.3	66.67	39	23	7	2
pep_query	3344	75.000	4	1	0	7	10	4	7	38	11.0	75.00	39	23	7	3
pep_query	3344	80.000	5	0	1	5	8	3	7	106	 9.7	80.00	39	23	7	4
pep_query	3344	66.667	3	1	0	14	16	2	4	773	 7.3	66.67	39	23	7	2
pep_query	3344	66.667	3	1	0	14	16	4	6	773	 7.3	66.67	39	23	7	2
pep_query	3259	75.000	4	1	0	7	10	2	5	38	11.0	75.00	17	23	7	3
pep_query	3698	75.000	4	1	0	7	10	3	6	43	11.0	75.00	17	23	8	3
pep_query	3418	75.000	4	1	0	11	14	3	6	43	11.0	75.00	17	23	8	3
pep_query	3403	75.000	4	1	0	7	10	5	8	43	11.0	75.00	48	23	8	3
pep_query	3403	80.000	5	0	1	5	8	4	8	115	 9.7	80.00	48	23	8	4
pep_query	3403	60.000	5	2	0	12	16	1	5	220	 8.9	60.00	48	23	8	3
pep_query	3403	66.667	3	1	0	14	16	5	7	805	 7.3	66.67	48	23	8	2
pep_query	3317	75.000	4	1	0	7	10	4	7	43	11.0	75.00	17	23	8	3
pep_query	3179	75.000	4	1	0	20	23	3	6	43	11.0	75.00	17	23	8	3
pep_query	3171	75.000	4	1	0	20	23	3	6	43	11.0	75.00	17	23	8	3
pep_query	3122	75.000	4	1	0	2	5	5	8	43	11.0	75.00	30	23	8	3
pep_query	3122	66.667	3	1	0	11	13	2	4	805	 7.3	66.67	30	23	8	2
pep_query	3106	75.000	4	1	0	20	23	3	6	43	11.0	75.00	17	23	8	3
pep_query	3730	75.000	4	1	0	8	11	6	9	46	11.0	75.00	17	23	9	3
pep_query	3730	66.667	3	1	0	8	10	4	6	829	 7.3	66.67	17	23	9	2
pep_query	3372	75.000	4	1	0	7	10	6	9	46	11.0	75.00	48	23	9	3
pep_query	3372	80.000	5	0	1	5	8	5	9	122	 9.7	80.00	48	23	9	4
pep_query	3372	60.000	5	2	0	12	16	2	6	231	 8.9	60.00	48	23	9	3
pep_query	3372	66.667	3	1	0	14	16	6	8	829	 7.3	66.67	48	23	9	2
pep_query	3343	75.000	4	1	0	7	10	4	7	46	11.0	75.00	39	23	9	3
pep_query	3343	80.000	5	0	1	5	8	3	7	122	 9.7	80.00	39	23	9	4
pep_query	3343	66.667	3	1	0	14	16	2	4	829	 7.3	66.67	39	23	9	2
pep_query	3343	66.667	3	1	0	14	16	4	6	829	 7.3	66.67	39	23	9	2
pep_query	3343	66.667	3	1	0	14	16	6	8	829	 7.3	66.67	39	23	9	2
pep_query	3402	75.000	4	1	0	7	10	5	8	49	11.0	75.00	48	23	10	3
pep_query	3402	80.000	5	0	1	5	8	4	8	127	 9.7	80.00	48	23	10	4
pep_query	3402	60.000	5	2	0	12	16	1	5	240	 8.9	60.00	48	23	10	3
pep_query	3402	66.667	3	1	0	14	16	5	7	849	 7.3	66.67	48	23	10	2
pep_query	3402	66.667	3	1	0	14	16	7	9	849	 7.3	66.67	48	23	10	2
pep_query	3312	75.000	4	1	0	7	10	6	9	49	11.0	75.00	17	23	10	3
pep_query	3110	75.000	4	1	0	2	5	1	4	49	11.0	75.00	30	23	10	3
pep_query	3110	66.667	3	1	0	21	23	6	8	849	 7.3	66.67	30	23	10	2
pep_query	3098	75.000	4	1	0	7	10	6	9	49	11.0	75.00	17	23	10	3
pep_query	3685	75.000	4	1	0	7	10	7	10	51	11.0	75.00	48	23	11	3
pep_query	3685	80.000	5	0	1	5	8	6	10	132	 9.7	80.00	48	23	11	4
pep_query	3685	60.000	5	2	0	12	16	3	7	247	 8.9	60.00	48	23	11	3
pep_query	3685	66.667	3	1	0	14	16	7	9	865	 7.3	66.67	48	23	11	2
pep_query	3685	66.667	3	1	0	14	16	9	11	865	 7.3	66.67	48	23	11	2
pep_query	3419	75.000	4	1	0	11	14	8	11	51	11.0	75.00	26	23	11	3
pep_query	3419	100.000	2	0	0	15	16	5	6	180	 9.3	100.00	26	23	11	2
pep_query	3305	75.000	4	1	0	7	10	6	9	51	11.0	75.00	48	23	11	3
pep_query	3305	80.000	5	0	1	5	8	5	9	132	 9.7	80.00	48	23	11	4
pep_query	3305	60.000	5	2	0	12	16	2	6	247	 8.9	60.00	48	23	11	3
pep_query	3305	66.667	3	1	0	14	16	6	8	865	 7.3	66.67	48	23	11	2
pep_query	3305	66.667	3	1	0	14	16	8	10	865	 7.3	66.67	48	23	11	2
pep_query	3177	75.000	4	1	0	14	17	1	4	51	11.0	75.00	17	23	11	3
pep_query	3233	75.000	4	1	0	8	11	7	10	53	11.0	75.00	30	23	12	3
pep_query	3233	66.667	3	1	0	2	4	2	4	879	 7.3	66.67	30	23	12	2
pep_query	3413	75.000	4	1	0	11	14	9	12	56	11.0	75.00	26	23	14	3
pep_query	3413	100.000	2	0	0	14	15	2	3	193	 9.3	100.00	26	23	14	2
pep_query	3413	100.000	2	0	0	15	16	6	7	193	 9.3	100.00	26	23	14	2
pep_query	3271	75.000	4	1	0	7	10	2	5	56	11.0	75.00	17	23	14	3
pep_query	3271	66.667	3	1	0	8	10	10	12	900	 7.3	66.67	17	23	14	2
pep_query	3634	75.000	4	1	0	7	10	6	9	57	11.0	75.00	17	23	15	3
pep_query	3036	75.000	4	1	0	8	11	13	16	58	11.0	75.00	30	23	16	3
pep_query	3036	66.667	3	1	0	2	4	13	15	915	 7.3	66.67	30	23	16	2
pep_query	3628	75.000	4	1	0	7	10	6	9	59	11.0	75.00	17	23	17	3
pep_query	3628	66.667	3	1	0	8	10	14	16	922	 7.3	66.67	17	23	17	2
pep_query	3578	75.000	4	1	0	10	13	6	9	59	11.0	75.00	30	23	17	3
pep_query	3578	66.667	3	1	0	15	17	3	5	922	 7.3	66.67	30	23	17	2
pep_query	3334	75.000	4	1	0	8	11	1	4	60	11.0	75.00	43	23	18	3
pep_query	3334	75.000	4	1	0	7	10	14	17	60	11.0	75.00	43	23	18	3
pep_query	3334	50.000	8	4	0	9	16	1	8	372	 8.5	50.00	43	23	18	4
pep_query	3059	75.000	4	1	0	8	11	14	17	61	11.0	75.00	30	23	19	3
pep_query	3059	66.667	3	1	0	2	4	14	16	933	 7.3	66.67	30	23	19	2
pep_query	3586	75.000	4	1	0	8	11	15	18	61	11.0	75.00	30	23	20	3
pep_query	3586	66.667	3	1	0	2	4	15	17	938	 7.3	66.67	30	23	20	2
pep_query	3001	75.000	4	1	0	8	11	14	17	62	11.0	75.00	30	23	22	3
pep_query	3001	66.667	3	1	0	2	4	14	16	946	 7.3	66.67	30	23	22	2
pep_query	3049	75.000	4	1	0	8	11	18	21	64	11.0	75.00	30	23	25	3
pep_query	3049	66.667	3	1	0	2	4	18	20	955	 7.3	66.67	30	23	25	2
pep_query	3009	75.000	4	1	0	8	11	16	19	64	11.0	75.00	30	23	25	3
pep_query	3009	66.667	3	1	0	2	4	16	18	955	 7.3	66.67	30	23	25	2
pep_query	3643	75.000	4	1	0	16	19	25	28	65	11.0	75.00	39	23	30	3
pep_query	3643	100.000	2	0	0	3	4	9	10	217	 9.3	100.00	39	23	30	2
pep_query	3643	100.000	2	0	0	12	13	19	20	217	 9.3	100.00	39	23	30	2
pep_query	3643	100.000	2	0	0	12	13	20	21	217	 9.3	100.00	39	23	30	2
pep_query	3643	66.667	3	1	0	11	13	7	9	967	 7.3	66.67	39	23	30	2
pep_query	3643	66.667	3	1	0	16	18	17	19	967	 7.3	66.67	39	23	30	2
pep_query	3643	66.667	3	1	0	17	19	23	25	967	 7.3	66.67	39	23	30	2
pep_query	3455	75.000	4	1	0	16	19	11	14	66	11.0	75.00	39	23	31	3
pep_query	3455	100.000	2	0	0	12	13	5	6	217	 9.3	100.00	39	23	31	2
pep_query	3455	100.000	2	0	0	12	13	6	7	217	 9.3	100.00	39	23	31	2
pep_query	3455	100.000	2	0	0	15	16	25	26	217	 9.3	100.00	39	23	31	2
pep_query	3455	100.000	2	0	0	7	8	26	27	217	 9.3	100.00	39	23	31	2
pep_query	3455	66.667	3	1	0	16	18	3	5	969	 7.3	66.67	39	23	31	2
pep_query	3455	66.667	3	1	0	17	19	9	11	969	 7.3	66.67	39	23	31	2
pep_query	3465	75.000	4	1	0	16	19	12	15	67	11.0	75.00	48	23	39	3
pep_query	3465	100.000	2	0	0	12	13	6	7	221	 9.3	100.00	48	23	39	2
pep_query	3465	100.000	2	0	0	12	13	7	8	221	 9.3	100.00	48	23	39	2
pep_query	3465	100.000	2	0	0	15	16	26	27	221	 9.3	100.00	48	23	39	2
pep_query	3465	100.000	2	0	0	7	8	27	28	221	 9.3	100.00	48	23	39	2
pep_query	3465	66.667	3	1	0	16	18	4	6	981	 7.3	66.67	48	23	39	2
pep_query	3465	66.667	3	1	0	17	19	10	12	981	 7.3	66.67	48	23	39	2
pep_query	3465	66.667	3	1	0	19	21	31	33	981	 7.3	66.67	48	23	39	2
pep_query	3506	100.000	2	0	0	2	3	2	3	87	 9.3	100.00	9	23	4	2
pep_query	3371	100.000	2	0	0	5	6	2	3	87	 9.3	100.00	22	23	4	2
pep_query	3371	66.667	3	1	0	14	16	1	3	589	 7.3	66.67	22	23	4	2
pep_query	3316	100.000	2	0	0	7	8	2	3	87	 9.3	100.00	9	23	4	2
pep_query	3210	100.000	2	0	0	7	8	2	3	87	 9.3	100.00	9	23	4	2
pep_query	3155	100.000	2	0	0	6	7	2	3	87	 9.3	100.00	9	23	4	2
pep_query	3514	100.000	2	0	0	2	3	3	4	113	 9.3	100.00	9	23	5	2
pep_query	3422	100.000	2	0	0	14	15	2	3	113	 9.3	100.00	9	23	5	2
pep_query	3345	100.000	2	0	0	5	6	3	4	113	 9.3	100.00	22	23	5	2
pep_query	3345	66.667	3	1	0	14	16	2	4	673	 7.3	66.67	22	23	5	2
pep_query	3335	100.000	2	0	0	7	8	2	3	113	 9.3	100.00	30	23	5	2
pep_query	3335	66.667	3	1	0	8	10	1	3	673	 7.3	66.67	30	23	5	2
pep_query	3335	66.667	3	1	0	14	16	2	4	673	 7.3	66.67	30	23	5	2
pep_query	3315	100.000	2	0	0	7	8	2	3	113	 9.3	100.00	9	23	5	2
pep_query	3314	100.000	2	0	0	19	20	2	3	113	 9.3	100.00	9	23	5	2
pep_query	3159	100.000	2	0	0	7	8	2	3	113	 9.3	100.00	9	23	5	2
pep_query	3136	100.000	2	0	0	2	3	2	3	113	 9.3	100.00	22	23	5	2
pep_query	3136	66.667	3	1	0	10	12	1	3	673	 7.3	66.67	22	23	5	2
pep_query	3716	100.000	2	0	0	10	11	2	3	133	 9.3	100.00	9	23	6	2
pep_query	3598	100.000	2	0	0	5	6	4	5	133	 9.3	100.00	30	23	6	2
pep_query	3598	60.000	5	2	0	12	16	1	5	187	 8.9	60.00	30	23	6	3
pep_query	3565	100.000	2	0	0	6	7	3	4	133	 9.3	100.00	35	23	6	2
pep_query	3565	66.667	3	1	0	12	14	1	3	731	 7.3	66.67	35	23	6	2
pep_query	3565	66.667	3	1	0	17	19	2	4	731	 7.3	66.67	35	23	6	2
pep_query	3496	100.000	2	0	0	2	3	4	5	133	 9.3	100.00	9	23	6	2
pep_query	3489	100.000	2	0	0	15	16	2	3	133	 9.3	100.00	17	23	6	2
pep_query	3489	100.000	2	0	0	7	8	3	4	133	 9.3	100.00	17	23	6	2
pep_query	3440	100.000	2	0	0	16	17	4	5	133	 9.3	100.00	39	23	6	2
pep_query	3440	66.667	3	1	0	2	4	1	3	731	 7.3	66.67	39	23	6	2
pep_query	3440	66.667	3	1	0	6	8	4	6	731	 7.3	66.67	39	23	6	2
pep_query	3440	66.667	3	1	0	7	9	4	6	731	 7.3	66.67	39	23	6	2
pep_query	3428	100.000	2	0	0	7	8	3	4	133	 9.3	100.00	57	23	6	2
pep_query	3428	100.000	2	0	0	2	3	4	5	133	 9.3	100.00	57	23	6	2
pep_query	3428	66.667	3	1	0	4	6	1	3	731	 7.3	66.67	57	23	6	2
pep_query	3428	66.667	3	1	0	20	22	1	3	731	 7.3	66.67	57	23	6	2
pep_query	3428	66.667	3	1	0	16	18	3	5	731	 7.3	66.67	57	23	6	2
pep_query	3338	100.000	2	0	0	14	15	2	3	133	 9.3	100.00	9	23	6	2
pep_query	3322	100.000	2	0	0	19	20	3	4	133	 9.3	100.00	9	23	6	2
pep_query	3190	100.000	2	0	0	14	15	4	5	133	 9.3	100.00	9	23	6	2
pep_query	3152	100.000	2	0	0	6	7	3	4	133	 9.3	100.00	22	23	6	2
pep_query	3152	66.667	3	1	0	12	14	1	3	731	 7.3	66.67	22	23	6	2
pep_query	3132	100.000	2	0	0	10	11	3	4	133	 9.3	100.00	9	23	6	2
pep_query	3093	100.000	2	0	0	10	11	4	5	133	 9.3	100.00	9	23	6	2
pep_query	3596	100.000	2	0	0	5	6	5	6	148	 9.3	100.00	30	23	7	2
pep_query	3596	60.000	5	2	0	12	16	2	6	206	 8.9	60.00	30	23	7	3
pep_query	3570	100.000	2	0	0	6	7	2	3	148	 9.3	100.00	13	23	7	2
pep_query	3570	66.667	3	1	0	5	7	5	7	773	 7.3	66.67	13	23	7	2
pep_query	3535	100.000	2	0	0	5	6	2	3	148	 9.3	100.00	9	23	7	2
pep_query	3535	100.000	2	0	0	5	6	5	6	148	 9.3	100.00	9	23	7	2
pep_query	3517	100.000	2	0	0	6	7	5	6	148	 9.3	100.00	22	23	7	2
pep_query	3517	66.667	3	1	0	12	14	3	5	773	 7.3	66.67	22	23	7	2
pep_query	3500	100.000	2	0	0	2	3	5	6	148	 9.3	100.00	9	23	7	2
pep_query	3436	100.000	2	0	0	7	8	4	5	148	 9.3	100.00	57	23	7	2
pep_query	3436	100.000	2	0	0	2	3	5	6	148	 9.3	100.00	57	23	7	2
pep_query	3436	66.667	3	1	0	4	6	2	4	773	 7.3	66.67	57	23	7	2
pep_query	3436	66.667	3	1	0	20	22	2	4	773	 7.3	66.67	57	23	7	2
pep_query	3436	66.667	3	1	0	16	18	4	6	773	 7.3	66.67	57	23	7	2
pep_query	3414	100.000	2	0	0	14	15	2	3	148	 9.3	100.00	9	23	7	2
pep_query	3411	100.000	2	0	0	13	14	2	3	148	 9.3	100.00	17	23	7	2
pep_query	3411	100.000	2	0	0	18	19	2	3	148	 9.3	100.00	17	23	7	2
pep_query	3308	100.000	2	0	0	19	20	4	5	148	 9.3	100.00	9	23	7	2
pep_query	3280	100.000	2	0	0	6	7	5	6	148	 9.3	100.00	22	23	7	2
pep_query	3280	66.667	3	1	0	12	14	3	5	773	 7.3	66.67	22	23	7	2
pep_query	3244	100.000	2	0	0	8	9	2	3	148	 9.3	100.00	26	23	7	2
pep_query	3244	100.000	2	0	0	9	10	2	3	148	 9.3	100.00	26	23	7	2
pep_query	3244	66.667	3	1	0	21	23	5	7	773	 7.3	66.67	26	23	7	2
pep_query	3234	100.000	2	0	0	8	9	5	6	148	 9.3	100.00	13	23	7	2
pep_query	3234	100.000	2	0	0	9	10	5	6	148	 9.3	100.00	13	23	7	2
pep_query	3189	100.000	2	0	0	14	15	4	5	148	 9.3	100.00	9	23	7	2
pep_query	3166	100.000	2	0	0	15	16	3	4	148	 9.3	100.00	17	23	7	2
pep_query	3166	100.000	2	0	0	7	8	4	5	148	 9.3	100.00	17	23	7	2
pep_query	3153	100.000	2	0	0	7	8	2	3	148	 9.3	100.00	9	23	7	2
pep_query	3099	100.000	2	0	0	8	9	4	5	148	 9.3	100.00	13	23	7	2
pep_query	3099	100.000	2	0	0	9	10	4	5	148	 9.3	100.00	13	23	7	2
pep_query	3091	100.000	2	0	0	10	11	2	3	148	 9.3	100.00	9	23	7	2
pep_query	3571	100.000	2	0	0	2	3	6	7	159	 9.3	100.00	9	23	8	2
pep_query	3566	100.000	2	0	0	10	11	4	5	159	 9.3	100.00	9	23	8	2
pep_query	3480	100.000	2	0	0	10	11	6	7	159	 9.3	100.00	22	23	8	2
pep_query	3480	66.667	3	1	0	15	17	3	5	805	 7.3	66.67	22	23	8	2
pep_query	3449	100.000	2	0	0	15	16	2	3	159	 9.3	100.00	17	23	8	2
pep_query	3449	100.000	2	0	0	7	8	3	4	159	 9.3	100.00	17	23	8	2
pep_query	3416	100.000	2	0	0	3	4	4	5	159	 9.3	100.00	9	23	8	2
pep_query	3321	100.000	2	0	0	19	20	5	6	159	 9.3	100.00	9	23	8	2
pep_query	3236	100.000	2	0	0	8	9	4	5	159	 9.3	100.00	13	23	8	2
pep_query	3236	100.000	2	0	0	9	10	4	5	159	 9.3	100.00	13	23	8	2
pep_query	3236	66.667	3	1	0	8	10	5	7	805	 7.3	66.67	13	23	8	2
pep_query	3141	100.000	2	0	0	5	6	5	6	159	 9.3	100.00	22	23	8	2
pep_query	3141	66.667	3	1	0	8	10	2	4	805	 7.3	66.67	22	23	8	2
pep_query	3090	100.000	2	0	0	10	11	2	3	159	 9.3	100.00	17	23	8	2
pep_query	3090	100.000	2	0	0	16	17	6	7	159	 9.3	100.00	17	23	8	2
pep_query	2989	100.000	2	0	0	19	20	5	6	159	 9.3	100.00	9	23	8	2
pep_query	2984	100.000	2	0	0	14	15	5	6	159	 9.3	100.00	22	23	8	2
pep_query	2984	66.667	3	1	0	18	20	2	4	805	 7.3	66.67	22	23	8	2
pep_query	3715	100.000	2	0	0	7	8	2	3	168	 9.3	100.00	17	23	9	2
pep_query	3715	100.000	2	0	0	8	9	7	8	168	 9.3	100.00	17	23	9	2
pep_query	3715	100.000	2	0	0	9	10	7	8	168	 9.3	100.00	17	23	9	2
pep_query	3705	100.000	2	0	0	7	8	2	3	168	 9.3	100.00	43	23	9	2
pep_query	3705	100.000	2	0	0	2	3	3	4	168	 9.3	100.00	43	23	9	2
pep_query	3705	66.667	3	1	0	16	18	2	4	829	 7.3	66.67	43	23	9	2
pep_query	3705	66.667	3	1	0	13	15	4	6	829	 7.3	66.67	43	23	9	2
pep_query	3699	100.000	2	0	0	8	9	6	7	168	 9.3	100.00	26	23	9	2
pep_query	3699	100.000	2	0	0	9	10	6	7	168	 9.3	100.00	26	23	9	2
pep_query	3699	66.667	3	1	0	2	4	2	4	829	 7.3	66.67	26	23	9	2
pep_query	3606	100.000	2	0	0	11	12	3	4	168	 9.3	100.00	22	23	9	2
pep_query	3606	66.667	3	1	0	17	19	7	9	829	 7.3	66.67	22	23	9	2
pep_query	3531	100.000	2	0	0	7	8	6	7	168	 9.3	100.00	22	23	9	2
pep_query	3531	66.667	3	1	0	10	12	7	9	829	 7.3	66.67	22	23	9	2
pep_query	3427	100.000	2	0	0	7	8	6	7	168	 9.3	100.00	57	23	9	2
pep_query	3427	100.000	2	0	0	2	3	7	8	168	 9.3	100.00	57	23	9	2
pep_query	3427	66.667	3	1	0	4	6	4	6	829	 7.3	66.67	57	23	9	2
pep_query	3427	66.667	3	1	0	20	22	4	6	829	 7.3	66.67	57	23	9	2
pep_query	3427	66.667	3	1	0	16	18	6	8	829	 7.3	66.67	57	23	9	2
pep_query	3409	100.000	2	0	0	19	20	6	7	168	 9.3	100.00	9	23	9	2
pep_query	3238	100.000	2	0	0	8	9	6	7	168	 9.3	100.00	13	23	9	2
pep_query	3238	100.000	2	0	0	9	10	6	7	168	 9.3	100.00	13	23	9	2
pep_query	3165	100.000	2	0	0	2	3	5	6	168	 9.3	100.00	30	23	9	2
pep_query	3165	60.000	5	2	0	6	10	1	5	231	 8.9	60.00	30	23	9	3
pep_query	3160	100.000	2	0	0	19	20	2	3	168	 9.3	100.00	26	23	9	2
pep_query	3160	66.667	3	1	0	14	16	2	4	829	 7.3	66.67	26	23	9	2
pep_query	3160	66.667	3	1	0	19	21	4	6	829	 7.3	66.67	26	23	9	2
pep_query	3147	100.000	2	0	0	8	9	3	4	168	 9.3	100.00	13	23	9	2
pep_query	3147	100.000	2	0	0	9	10	3	4	168	 9.3	100.00	13	23	9	2
pep_query	3066	100.000	2	0	0	13	14	7	8	168	 9.3	100.00	22	23	9	2
pep_query	3066	100.000	2	0	0	18	19	7	8	168	 9.3	100.00	22	23	9	2
pep_query	3066	66.667	3	1	0	12	14	7	9	829	 7.3	66.67	22	23	9	2
pep_query	3719	100.000	2	0	0	14	15	7	8	175	 9.3	100.00	9	23	10	2
pep_query	3651	100.000	2	0	0	14	15	5	6	175	 9.3	100.00	30	23	10	2
pep_query	3651	60.000	5	2	0	2	6	1	5	240	 8.9	60.00	30	23	10	3
pep_query	3619	100.000	2	0	0	5	6	6	7	175	 9.3	100.00	22	23	10	2
pep_query	3619	66.667	3	1	0	8	10	3	5	849	 7.3	66.67	22	23	10	2
pep_query	3613	100.000	2	0	0	3	4	7	8	175	 9.3	100.00	22	23	10	2
pep_query	3613	66.667	3	1	0	12	14	1	3	849	 7.3	66.67	22	23	10	2
pep_query	3593	100.000	2	0	0	5	6	8	9	175	 9.3	100.00	30	23	10	2
pep_query	3593	60.000	5	2	0	12	16	5	9	240	 8.9	60.00	30	23	10	3
pep_query	3530	100.000	2	0	0	7	8	6	7	175	 9.3	100.00	22	23	10	2
pep_query	3530	66.667	3	1	0	10	12	7	9	849	 7.3	66.67	22	23	10	2
pep_query	3529	100.000	2	0	0	6	7	4	5	175	 9.3	100.00	30	23	10	2
pep_query	3529	66.667	3	1	0	12	14	2	4	849	 7.3	66.67	30	23	10	2
pep_query	3529	66.667	3	1	0	14	16	5	7	849	 7.3	66.67	30	23	10	2
pep_query	3528	100.000	2	0	0	6	7	7	8	175	 9.3	100.00	30	23	10	2
pep_query	3528	66.667	3	1	0	12	14	5	7	849	 7.3	66.67	30	23	10	2
pep_query	3528	66.667	3	1	0	14	16	8	10	849	 7.3	66.67	30	23	10	2
pep_query	3504	100.000	2	0	0	6	7	8	9	175	 9.3	100.00	22	23	10	2
pep_query	3504	66.667	3	1	0	12	14	6	8	849	 7.3	66.67	22	23	10	2
pep_query	3470	100.000	2	0	0	16	17	3	4	175	 9.3	100.00	26	23	10	2
pep_query	3470	66.667	3	1	0	6	8	3	5	849	 7.3	66.67	26	23	10	2
pep_query	3470	66.667	3	1	0	7	9	3	5	849	 7.3	66.67	26	23	10	2
pep_query	3435	100.000	2	0	0	7	8	7	8	175	 9.3	100.00	57	23	10	2
pep_query	3435	100.000	2	0	0	2	3	8	9	175	 9.3	100.00	57	23	10	2
pep_query	3435	66.667	3	1	0	4	6	5	7	849	 7.3	66.67	57	23	10	2
pep_query	3435	66.667	3	1	0	20	22	5	7	849	 7.3	66.67	57	23	10	2
pep_query	3435	66.667	3	1	0	16	18	7	9	849	 7.3	66.67	57	23	10	2
pep_query	3397	100.000	2	0	0	19	20	7	8	175	 9.3	100.00	9	23	10	2
pep_query	3347	100.000	2	0	0	8	9	3	4	175	 9.3	100.00	26	23	10	2
pep_query	3347	100.000	2	0	0	9	10	3	4	175	 9.3	100.00	26	23	10	2
pep_query	3347	66.667	3	1	0	21	23	6	8	849	 7.3	66.67	26	23	10	2
pep_query	3164	100.000	2	0	0	2	3	5	6	175	 9.3	100.00	30	23	10	2
pep_query	3164	60.000	5	2	0	6	10	1	5	240	 8.9	60.00	30	23	10	3
pep_query	3154	100.000	2	0	0	15	16	4	5	175	 9.3	100.00	30	23	10	2
pep_query	3154	100.000	2	0	0	7	8	5	6	175	 9.3	100.00	30	23	10	2
pep_query	3154	60.000	5	2	0	15	19	1	5	240	 8.9	60.00	30	23	10	3
pep_query	2985	100.000	2	0	0	15	16	3	4	175	 9.3	100.00	22	23	10	2
pep_query	2985	66.667	3	1	0	17	19	2	4	849	 7.3	66.67	22	23	10	2
pep_query	3727	100.000	2	0	0	8	9	4	5	180	 9.3	100.00	13	23	11	2
pep_query	3727	100.000	2	0	0	9	10	4	5	180	 9.3	100.00	13	23	11	2
pep_query	3694	100.000	2	0	0	5	6	7	8	180	 9.3	100.00	22	23	11	2
pep_query	3694	66.667	3	1	0	8	10	4	6	865	 7.3	66.67	22	23	11	2
pep_query	3688	100.000	2	0	0	16	17	2	3	180	 9.3	100.00	35	23	11	2
pep_query	3688	66.667	3	1	0	10	12	5	7	865	 7.3	66.67	35	23	11	2
pep_query	3688	66.667	3	1	0	18	20	7	9	865	 7.3	66.67	35	23	11	2
pep_query	3649	100.000	2	0	0	8	9	2	3	180	 9.3	100.00	13	23	11	2
pep_query	3649	100.000	2	0	0	9	10	2	3	180	 9.3	100.00	13	23	11	2
pep_query	3432	100.000	2	0	0	7	8	8	9	180	 9.3	100.00	57	23	11	2
pep_query	3432	100.000	2	0	0	2	3	9	10	180	 9.3	100.00	57	23	11	2
pep_query	3432	66.667	3	1	0	4	6	6	8	865	 7.3	66.67	57	23	11	2
pep_query	3432	66.667	3	1	0	20	22	6	8	865	 7.3	66.67	57	23	11	2
pep_query	3432	66.667	3	1	0	16	18	8	10	865	 7.3	66.67	57	23	11	2
pep_query	3417	100.000	2	0	0	7	8	9	10	180	 9.3	100.00	48	23	11	2
pep_query	3417	66.667	3	1	0	4	6	7	9	865	 7.3	66.67	48	23	11	2
pep_query	3417	66.667	3	1	0	20	22	7	9	865	 7.3	66.67	48	23	11	2
pep_query	3417	66.667	3	1	0	16	18	9	11	865	 7.3	66.67	48	23	11	2
pep_query	3309	100.000	2	0	0	8	9	6	7	180	 9.3	100.00	35	23	11	2
pep_query	3309	100.000	2	0	0	9	10	6	7	180	 9.3	100.00	35	23	11	2
pep_query	3309	66.667	3	1	0	2	4	2	4	865	 7.3	66.67	35	23	11	2
pep_query	3309	66.667	3	1	0	6	8	9	11	865	 7.3	66.67	35	23	11	2
pep_query	3309	66.667	3	1	0	7	9	9	11	865	 7.3	66.67	35	23	11	2
pep_query	3276	100.000	2	0	0	8	9	5	6	180	 9.3	100.00	35	23	11	2
pep_query	3276	100.000	2	0	0	9	10	5	6	180	 9.3	100.00	35	23	11	2
pep_query	3276	66.667	3	1	0	2	4	1	3	865	 7.3	66.67	35	23	11	2
pep_query	3276	66.667	3	1	0	6	8	8	10	865	 7.3	66.67	35	23	11	2
pep_query	3276	66.667	3	1	0	7	9	8	10	865	 7.3	66.67	35	23	11	2
pep_query	3204	100.000	2	0	0	15	16	2	3	180	 9.3	100.00	22	23	11	2
pep_query	3204	100.000	2	0	0	7	8	3	4	180	 9.3	100.00	22	23	11	2
pep_query	3204	100.000	2	0	0	14	15	9	10	180	 9.3	100.00	22	23	11	2
pep_query	3173	100.000	2	0	0	14	15	4	5	180	 9.3	100.00	9	23	11	2
pep_query	3127	100.000	2	0	0	7	8	4	5	180	 9.3	100.00	9	23	11	2
pep_query	3692	100.000	2	0	0	11	12	10	11	185	 9.3	100.00	22	23	12	2
pep_query	3692	66.667	3	1	0	8	10	5	7	879	 7.3	66.67	22	23	12	2
pep_query	3557	100.000	2	0	0	11	12	3	4	185	 9.3	100.00	9	23	12	2
pep_query	3557	100.000	2	0	0	11	12	6	7	185	 9.3	100.00	9	23	12	2
pep_query	3430	100.000	2	0	0	7	8	9	10	185	 9.3	100.00	57	23	12	2
pep_query	3430	100.000	2	0	0	2	3	10	11	185	 9.3	100.00	57	23	12	2
pep_query	3430	66.667	3	1	0	4	6	7	9	879	 7.3	66.67	57	23	12	2
pep_query	3430	66.667	3	1	0	20	22	7	9	879	 7.3	66.67	57	23	12	2
pep_query	3430	66.667	3	1	0	16	18	9	11	879	 7.3	66.67	57	23	12	2
pep_query	3389	100.000	2	0	0	19	20	9	10	185	 9.3	100.00	9	23	12	2
pep_query	3289	100.000	2	0	0	10	11	2	3	185	 9.3	100.00	17	23	12	2
pep_query	3289	66.667	3	1	0	8	10	6	8	879	 7.3	66.67	17	23	12	2
pep_query	3277	100.000	2	0	0	7	8	10	11	185	 9.3	100.00	35	23	12	2
pep_query	3277	66.667	3	1	0	8	10	5	7	879	 7.3	66.67	35	23	12	2
pep_query	3277	66.667	3	1	0	9	11	7	9	879	 7.3	66.67	35	23	12	2
pep_query	3277	66.667	3	1	0	17	19	8	10	879	 7.3	66.67	35	23	12	2
pep_query	3272	100.000	2	0	0	13	14	4	5	185	 9.3	100.00	17	23	12	2
pep_query	3272	100.000	2	0	0	18	19	4	5	185	 9.3	100.00	17	23	12	2
pep_query	3176	100.000	2	0	0	14	15	2	3	185	 9.3	100.00	9	23	12	2
pep_query	3163	100.000	2	0	0	2	3	5	6	185	 9.3	100.00	43	23	12	2
pep_query	3163	60.000	5	2	0	6	10	1	5	253	 8.9	60.00	43	23	12	3
pep_query	3163	66.667	3	1	0	12	14	10	12	879	 7.3	66.67	43	23	12	2
pep_query	3341	60.000	5	2	0	2	6	1	5	187	 8.9	60.00	35	23	6	3
pep_query	3341	66.667	3	1	0	20	22	3	5	731	 7.3	66.67	35	23	6	2
pep_query	3702	100.000	2	0	0	5	6	5	6	189	 9.3	100.00	22	23	13	2
pep_query	3702	66.667	3	1	0	8	10	2	4	890	 7.3	66.67	22	23	13	2
pep_query	3636	100.000	2	0	0	10	11	8	9	189	 9.3	100.00	9	23	13	2
pep_query	3386	100.000	2	0	0	19	20	10	11	189	 9.3	100.00	9	23	13	2
pep_query	3382	100.000	2	0	0	10	11	3	4	189	 9.3	100.00	17	23	13	2
pep_query	3382	66.667	3	1	0	8	10	7	9	890	 7.3	66.67	17	23	13	2
pep_query	3116	100.000	2	0	0	2	3	8	9	189	 9.3	100.00	22	23	13	2
pep_query	3116	66.667	3	1	0	11	13	11	13	890	 7.3	66.67	22	23	13	2
pep_query	3111	100.000	2	0	0	3	4	10	11	189	 9.3	100.00	9	23	13	2
pep_query	3614	100.000	2	0	0	14	15	11	12	193	 9.3	100.00	9	23	14	2
pep_query	3520	100.000	2	0	0	11	12	9	10	193	 9.3	100.00	22	23	14	2
pep_query	3520	100.000	2	0	0	11	12	12	13	193	 9.3	100.00	22	23	14	2
pep_query	3520	66.667	3	1	0	8	10	4	6	900	 7.3	66.67	22	23	14	2
pep_query	3456	100.000	2	0	0	12	13	8	9	193	 9.3	100.00	26	23	14	2
pep_query	3456	100.000	2	0	0	12	13	9	10	193	 9.3	100.00	26	23	14	2
pep_query	3456	66.667	3	1	0	16	18	6	8	900	 7.3	66.67	26	23	14	2
pep_query	3456	66.667	3	1	0	17	19	12	14	900	 7.3	66.67	26	23	14	2
pep_query	3380	100.000	2	0	0	19	20	11	12	193	 9.3	100.00	9	23	14	2
pep_query	3379	100.000	2	0	0	10	11	4	5	193	 9.3	100.00	17	23	14	2
pep_query	3379	66.667	3	1	0	8	10	8	10	900	 7.3	66.67	17	23	14	2
pep_query	3279	100.000	2	0	0	7	8	2	3	193	 9.3	100.00	17	23	14	2
pep_query	3279	66.667	3	1	0	6	8	8	10	900	 7.3	66.67	17	23	14	2
pep_query	3279	66.667	3	1	0	7	9	8	10	900	 7.3	66.67	17	23	14	2
pep_query	3261	100.000	2	0	0	8	9	8	9	193	 9.3	100.00	35	23	14	2
pep_query	3261	100.000	2	0	0	9	10	8	9	193	 9.3	100.00	35	23	14	2
pep_query	3261	66.667	3	1	0	2	4	4	6	900	 7.3	66.67	35	23	14	2
pep_query	3261	66.667	3	1	0	6	8	11	13	900	 7.3	66.67	35	23	14	2
pep_query	3261	66.667	3	1	0	7	9	11	13	900	 7.3	66.67	35	23	14	2
pep_query	3148	100.000	2	0	0	19	20	2	3	193	 9.3	100.00	35	23	14	2
pep_query	3148	100.000	2	0	0	6	7	12	13	193	 9.3	100.00	35	23	14	2
pep_query	3148	66.667	3	1	0	14	16	2	4	900	 7.3	66.67	35	23	14	2
pep_query	3148	66.667	3	1	0	19	21	4	6	900	 7.3	66.67	35	23	14	2
pep_query	3004	100.000	2	0	0	10	11	11	12	193	 9.3	100.00	9	23	14	2
pep_query	3612	100.000	2	0	0	14	15	12	13	196	 9.3	100.00	9	23	15	2
pep_query	3603	100.000	2	0	0	20	21	3	4	196	 9.3	100.00	52	23	15	2
pep_query	3603	100.000	2	0	0	14	15	7	8	196	 9.3	100.00	52	23	15	2
pep_query	3603	100.000	2	0	0	4	5	10	11	196	 9.3	100.00	52	23	15	2
pep_query	3603	66.667	3	1	0	6	8	7	9	908	 7.3	66.67	52	23	15	2
pep_query	3603	66.667	3	1	0	7	9	7	9	908	 7.3	66.67	52	23	15	2
pep_query	3603	66.667	3	1	0	9	11	13	15	908	 7.3	66.67	52	23	15	2
pep_query	3404	100.000	2	0	0	10	11	5	6	196	 9.3	100.00	17	23	15	2
pep_query	3404	66.667	3	1	0	8	10	9	11	908	 7.3	66.67	17	23	15	2
pep_query	3354	100.000	2	0	0	7	8	13	14	196	 9.3	100.00	35	23	15	2
pep_query	3354	66.667	3	1	0	8	10	4	6	908	 7.3	66.67	35	23	15	2
pep_query	3354	66.667	3	1	0	8	10	6	8	908	 7.3	66.67	35	23	15	2
pep_query	3354	66.667	3	1	0	8	10	8	10	908	 7.3	66.67	35	23	15	2
pep_query	3354	66.667	3	1	0	9	11	10	12	908	 7.3	66.67	35	23	15	2
pep_query	3354	66.667	3	1	0	17	19	11	13	908	 7.3	66.67	35	23	15	2
pep_query	3663	100.000	2	0	0	11	12	4	5	198	 9.3	100.00	13	23	16	2
pep_query	3663	66.667	3	1	0	11	13	6	8	915	 7.3	66.67	13	23	16	2
pep_query	3662	100.000	2	0	0	12	13	14	15	198	 9.3	100.00	35	23	16	2
pep_query	3662	60.000	5	2	0	9	13	10	14	269	 8.9	60.00	35	23	16	3
pep_query	3662	66.667	3	1	0	18	20	7	9	915	 7.3	66.67	35	23	16	2
pep_query	3462	100.000	2	0	0	15	16	12	13	198	 9.3	100.00	17	23	16	2
pep_query	3462	100.000	2	0	0	7	8	13	14	198	 9.3	100.00	17	23	16	2
pep_query	3353	100.000	2	0	0	7	8	13	14	198	 9.3	100.00	35	23	16	2
pep_query	3353	66.667	3	1	0	8	10	4	6	915	 7.3	66.67	35	23	16	2
pep_query	3353	66.667	3	1	0	8	10	6	8	915	 7.3	66.67	35	23	16	2
pep_query	3353	66.667	3	1	0	8	10	8	10	915	 7.3	66.67	35	23	16	2
pep_query	3353	66.667	3	1	0	9	11	10	12	915	 7.3	66.67	35	23	16	2
pep_query	3353	66.667	3	1	0	17	19	11	13	915	 7.3	66.67	35	23	16	2
pep_query	3183	100.000	2	0	0	6	7	7	8	198	 9.3	100.00	9	23	16	2
pep_query	3054	100.000	2	0	0	6	7	6	7	198	 9.3	100.00	9	23	16	2
pep_query	3028	100.000	2	0	0	10	11	6	7	198	 9.3	100.00	9	23	16	2
pep_query	3002	100.000	2	0	0	10	11	13	14	198	 9.3	100.00	9	23	16	2
pep_query	3625	100.000	2	0	0	10	11	2	3	200	 9.3	100.00	22	23	17	2
pep_query	3625	100.000	2	0	0	11	12	13	14	200	 9.3	100.00	22	23	17	2
pep_query	3625	66.667	3	1	0	8	10	8	10	922	 7.3	66.67	22	23	17	2
pep_query	3346	100.000	2	0	0	8	9	3	4	200	 9.3	100.00	39	23	17	2
pep_query	3346	100.000	2	0	0	9	10	3	4	200	 9.3	100.00	39	23	17	2
pep_query	3346	100.000	2	0	0	8	9	13	14	200	 9.3	100.00	39	23	17	2
pep_query	3346	100.000	2	0	0	9	10	13	14	200	 9.3	100.00	39	23	17	2
pep_query	3346	66.667	3	1	0	21	23	6	8	922	 7.3	66.67	39	23	17	2
pep_query	3346	66.667	3	1	0	2	4	9	11	922	 7.3	66.67	39	23	17	2
pep_query	3007	100.000	2	0	0	6	7	3	4	200	 9.3	100.00	9	23	17	2
pep_query	3006	100.000	2	0	0	6	7	3	4	200	 9.3	100.00	22	23	17	2
pep_query	3006	66.667	3	1	0	17	19	2	4	922	 7.3	66.67	22	23	17	2
pep_query	3291	100.000	2	0	0	7	8	12	13	203	 9.3	100.00	35	23	18	2
pep_query	3291	66.667	3	1	0	8	10	3	5	928	 7.3	66.67	35	23	18	2
pep_query	3291	66.667	3	1	0	8	10	5	7	928	 7.3	66.67	35	23	18	2
pep_query	3291	66.667	3	1	0	8	10	7	9	928	 7.3	66.67	35	23	18	2
pep_query	3291	66.667	3	1	0	9	11	9	11	928	 7.3	66.67	35	23	18	2
pep_query	3291	66.667	3	1	0	17	19	10	12	928	 7.3	66.67	35	23	18	2
pep_query	3053	100.000	2	0	0	6	7	6	7	203	 9.3	100.00	9	23	18	2
pep_query	3020	100.000	2	0	0	2	3	2	3	203	 9.3	100.00	9	23	18	2
pep_query	3005	100.000	2	0	0	6	7	3	4	203	 9.3	100.00	22	23	18	2
pep_query	3005	66.667	3	1	0	17	19	2	4	928	 7.3	66.67	22	23	18	2
pep_query	3701	100.000	2	0	0	7	8	2	3	204	 9.3	100.00	43	23	19	2
pep_query	3701	100.000	2	0	0	8	9	7	8	204	 9.3	100.00	43	23	19	2
pep_query	3701	100.000	2	0	0	9	10	7	8	204	 9.3	100.00	43	23	19	2
pep_query	3701	100.000	2	0	0	8	9	17	18	204	 9.3	100.00	43	23	19	2
pep_query	3701	100.000	2	0	0	9	10	17	18	204	 9.3	100.00	43	23	19	2
pep_query	3701	66.667	3	1	0	21	23	10	12	933	 7.3	66.67	43	23	19	2
pep_query	3701	66.667	3	1	0	2	4	13	15	933	 7.3	66.67	43	23	19	2
pep_query	3352	100.000	2	0	0	7	8	13	14	204	 9.3	100.00	35	23	19	2
pep_query	3352	66.667	3	1	0	8	10	4	6	933	 7.3	66.67	35	23	19	2
pep_query	3352	66.667	3	1	0	8	10	6	8	933	 7.3	66.67	35	23	19	2
pep_query	3352	66.667	3	1	0	8	10	8	10	933	 7.3	66.67	35	23	19	2
pep_query	3352	66.667	3	1	0	9	11	10	12	933	 7.3	66.67	35	23	19	2
pep_query	3352	66.667	3	1	0	17	19	11	13	933	 7.3	66.67	35	23	19	2
pep_query	3284	100.000	2	0	0	6	7	8	9	204	 9.3	100.00	30	23	19	2
pep_query	3284	66.667	3	1	0	18	20	12	14	933	 7.3	66.67	30	23	19	2
pep_query	3284	66.667	3	1	0	6	8	15	17	933	 7.3	66.67	30	23	19	2
pep_query	3284	66.667	3	1	0	7	9	15	17	933	 7.3	66.67	30	23	19	2
pep_query	3115	100.000	2	0	0	8	9	4	5	204	 9.3	100.00	35	23	19	2
pep_query	3115	100.000	2	0	0	9	10	4	5	204	 9.3	100.00	35	23	19	2
pep_query	3115	100.000	2	0	0	3	4	13	14	204	 9.3	100.00	35	23	19	2
pep_query	3115	66.667	3	1	0	15	17	16	18	933	 7.3	66.67	35	23	19	2
pep_query	3114	100.000	2	0	0	8	9	4	5	204	 9.3	100.00	13	23	19	2
pep_query	3114	100.000	2	0	0	9	10	4	5	204	 9.3	100.00	13	23	19	2
pep_query	3057	100.000	2	0	0	10	11	14	15	204	 9.3	100.00	9	23	19	2
pep_query	3026	100.000	2	0	0	6	7	5	6	204	 9.3	100.00	9	23	19	2
pep_query	3064	100.000	2	0	0	2	3	14	15	206	 9.3	100.00	9	23	20	2
pep_query	3056	100.000	2	0	0	6	7	6	7	206	 9.3	100.00	22	23	20	2
pep_query	3056	66.667	3	1	0	17	19	5	7	938	 7.3	66.67	22	23	20	2
pep_query	3052	100.000	2	0	0	6	7	6	7	206	 9.3	100.00	9	23	20	2
pep_query	3030	100.000	2	0	0	10	11	15	16	206	 9.3	100.00	9	23	20	2
pep_query	3027	100.000	2	0	0	6	7	2	3	206	 9.3	100.00	9	23	20	2
pep_query	3047	100.000	2	0	0	6	7	7	8	208	 9.3	100.00	22	23	21	2
pep_query	3047	66.667	3	1	0	12	14	1	3	942	 7.3	66.67	22	23	21	2
pep_query	3067	100.000	2	0	0	10	11	16	17	209	 9.3	100.00	9	23	22	2
pep_query	3029	100.000	2	0	0	6	7	8	9	209	 9.3	100.00	22	23	22	2
pep_query	3029	66.667	3	1	0	12	14	2	4	946	 7.3	66.67	22	23	22	2
pep_query	3466	100.000	2	0	0	15	16	11	12	211	 9.3	100.00	30	23	24	2
pep_query	3466	100.000	2	0	0	7	8	12	13	211	 9.3	100.00	30	23	24	2
pep_query	3466	66.667	3	1	0	19	21	16	18	952	 7.3	66.67	30	23	24	2
pep_query	3055	100.000	2	0	0	6	7	10	11	211	 9.3	100.00	22	23	24	2
pep_query	3055	66.667	3	1	0	12	14	4	6	952	 7.3	66.67	22	23	24	2
pep_query	3000	100.000	2	0	0	10	11	16	17	212	 9.3	100.00	9	23	25	2
pep_query	3040	100.000	2	0	0	10	11	16	17	213	 9.3	100.00	9	23	26	2
pep_query	3012	100.000	2	0	0	6	7	12	13	213	 9.3	100.00	22	23	26	2
pep_query	3012	66.667	3	1	0	12	14	6	8	958	 7.3	66.67	22	23	26	2
pep_query	2990	100.000	2	0	0	3	4	22	23	213	 9.3	100.00	22	23	26	2
pep_query	2990	66.667	3	1	0	18	20	22	24	958	 7.3	66.67	22	23	26	2
pep_query	3407	100.000	2	0	0	13	14	2	3	214	 9.3	100.00	39	23	27	2
pep_query	3407	100.000	2	0	0	18	19	2	3	214	 9.3	100.00	39	23	27	2
pep_query	3407	100.000	2	0	0	19	20	16	17	214	 9.3	100.00	39	23	27	2
pep_query	3407	66.667	3	1	0	8	10	19	21	960	 7.3	66.67	39	23	27	2
pep_query	3407	66.667	3	1	0	8	10	21	23	960	 7.3	66.67	39	23	27	2
pep_query	3407	66.667	3	1	0	8	10	23	25	960	 7.3	66.67	39	23	27	2
pep_query	3407	66.667	3	1	0	9	11	25	27	960	 7.3	66.67	39	23	27	2
pep_query	3039	100.000	2	0	0	10	11	16	17	214	 9.3	100.00	9	23	27	2
pep_query	3585	100.000	2	0	0	3	4	25	26	216	 9.3	100.00	22	23	29	2
pep_query	3585	66.667	3	1	0	18	20	25	27	965	 7.3	66.67	22	23	29	2
pep_query	3021	100.000	2	0	0	10	11	19	20	216	 9.3	100.00	9	23	29	2
pep_query	3558	100.000	2	0	0	10	11	8	9	217	 9.3	100.00	22	23	30	2
pep_query	3558	100.000	2	0	0	11	12	19	20	217	 9.3	100.00	22	23	30	2
pep_query	3558	100.000	2	0	0	11	12	22	23	217	 9.3	100.00	22	23	30	2
pep_query	3558	66.667	3	1	0	8	10	14	16	967	 7.3	66.67	22	23	30	2
pep_query	3051	100.000	2	0	0	6	7	6	7	218	 9.3	100.00	22	23	32	2
pep_query	3051	100.000	2	0	0	8	9	28	29	218	 9.3	100.00	22	23	32	2
pep_query	3051	100.000	2	0	0	9	10	28	29	218	 9.3	100.00	22	23	32	2
pep_query	3038	100.000	2	0	0	10	11	16	17	218	 9.3	100.00	17	23	32	2
pep_query	3038	100.000	2	0	0	15	16	26	27	218	 9.3	100.00	17	23	32	2
pep_query	3472	100.000	2	0	0	7	8	2	3	218	 9.3	100.00	35	23	33	2
pep_query	3472	66.667	3	1	0	19	21	6	8	972	 7.3	66.67	35	23	33	2
pep_query	3472	66.667	3	1	0	2	4	28	30	972	 7.3	66.67	35	23	33	2
pep_query	3457	100.000	2	0	0	15	16	4	5	220	 9.3	100.00	43	23	36	2
pep_query	3457	100.000	2	0	0	7	8	5	6	220	 9.3	100.00	43	23	36	2
pep_query	3457	66.667	3	1	0	19	21	9	11	977	 7.3	66.67	43	23	36	2
pep_query	3457	66.667	3	1	0	2	4	31	33	977	 7.3	66.67	43	23	36	2
pep_query	3461	100.000	2	0	0	15	16	12	13	223	 9.3	100.00	43	23	44	2
pep_query	3461	100.000	2	0	0	7	8	13	14	223	 9.3	100.00	43	23	44	2
pep_query	3461	66.667	3	1	0	19	21	17	19	986	 7.3	66.67	43	23	44	2
pep_query	3461	66.667	3	1	0	2	4	39	41	986	 7.3	66.67	43	23	44	2
pep_query	3105	100.000	2	0	0	7	8	37	38	226	 9.3	100.00	61	23	55	2
pep_query	3105	100.000	2	0	0	8	9	42	43	226	 9.3	100.00	61	23	55	2
pep_query	3105	100.000	2	0	0	9	10	42	43	226	 9.3	100.00	61	23	55	2
pep_query	3105	100.000	2	0	0	10	11	53	54	226	 9.3	100.00	61	23	55	2
pep_query	3105	60.000	5	2	0	1	5	48	52	304	 8.9	60.00	61	23	55	3
pep_query	3105	66.667	3	1	0	15	17	8	10	994	 7.3	66.67	61	23	55	2
pep_query	3105	66.667	3	1	0	2	4	12	14	994	 7.3	66.67	61	23	55	2
pep_query	3105	66.667	3	1	0	2	4	22	24	994	 7.3	66.67	61	23	55	2
pep_query	3105	66.667	3	1	0	9	11	38	40	994	 7.3	66.67	61	23	55	2
pep_query	3105	66.667	3	1	0	2	4	43	45	994	 7.3	66.67	61	23	55	2
pep_query	3105	66.667	3	1	0	6	8	51	53	994	 7.3	66.67	61	23	55	2
pep_query	3105	66.667	3	1	0	7	9	51	53	994	 7.3	66.67	61	23	55	2
pep_query	3700	100.000	2	0	0	7	8	43	44	229	 9.3	100.00	43	23	78	2
pep_query	3700	100.000	2	0	0	8	9	48	49	229	 9.3	100.00	43	23	78	2
pep_query	3700	100.000	2	0	0	9	10	48	49	229	 9.3	100.00	43	23	78	2
pep_query	3700	100.000	2	0	0	10	11	59	60	229	 9.3	100.00	43	23	78	2
pep_query	3700	100.000	2	0	0	8	9	65	66	229	 9.3	100.00	43	23	78	2
pep_query	3700	100.000	2	0	0	9	10	65	66	229	 9.3	100.00	43	23	78	2
pep_query	3700	60.000	5	2	0	1	5	54	58	308	 8.9	60.00	43	23	78	3
pep_query	3644	66.667	3	1	0	2	4	2	4	589	 7.3	66.67	13	23	4	2
pep_query	3609	66.667	3	1	0	6	8	1	3	589	 7.3	66.67	17	23	4	2
pep_query	3609	66.667	3	1	0	7	9	1	3	589	 7.3	66.67	17	23	4	2
pep_query	3589	66.667	3	1	0	8	10	2	4	589	 7.3	66.67	13	23	4	2
pep_query	3348	66.667	3	1	0	17	19	1	3	589	 7.3	66.67	13	23	4	2
pep_query	3342	66.667	3	1	0	17	19	1	3	589	 7.3	66.67	13	23	4	2
pep_query	3325	66.667	3	1	0	8	10	2	4	589	 7.3	66.67	13	23	4	2
pep_query	3263	66.667	3	1	0	8	10	1	3	589	 7.3	66.67	13	23	4	2
pep_query	3247	66.667	3	1	0	6	8	2	4	589	 7.3	66.67	17	23	4	2
pep_query	3247	66.667	3	1	0	7	9	2	4	589	 7.3	66.67	17	23	4	2
pep_query	3232	66.667	3	1	0	6	8	2	4	589	 7.3	66.67	17	23	4	2
pep_query	3232	66.667	3	1	0	7	9	2	4	589	 7.3	66.67	17	23	4	2
pep_query	3227	66.667	3	1	0	18	20	2	4	589	 7.3	66.67	13	23	4	2
pep_query	3223	66.667	3	1	0	8	10	2	4	589	 7.3	66.67	13	23	4	2
pep_query	3077	66.667	3	1	0	6	8	2	4	589	 7.3	66.67	17	23	4	2
pep_query	3077	66.667	3	1	0	7	9	2	4	589	 7.3	66.67	17	23	4	2
pep_query	3592	66.667	3	1	0	17	19	2	4	673	 7.3	66.67	13	23	5	2
pep_query	3588	66.667	3	1	0	9	11	1	3	673	 7.3	66.67	13	23	5	2
pep_query	3494	66.667	3	1	0	8	10	3	5	673	 7.3	66.67	13	23	5	2
pep_query	3423	66.667	3	1	0	12	14	1	3	673	 7.3	66.67	13	23	5	2
pep_query	3408	66.667	3	1	0	8	10	3	5	673	 7.3	66.67	13	23	5	2
pep_query	3332	66.667	3	1	0	8	10	1	3	673	 7.3	66.67	13	23	5	2
pep_query	3332	66.667	3	1	0	8	10	3	5	673	 7.3	66.67	13	23	5	2
pep_query	3327	66.667	3	1	0	8	10	1	3	673	 7.3	66.67	13	23	5	2
pep_query	3327	66.667	3	1	0	8	10	3	5	673	 7.3	66.67	13	23	5	2
pep_query	3258	66.667	3	1	0	2	4	2	4	673	 7.3	66.67	13	23	5	2
pep_query	3257	66.667	3	1	0	8	10	2	4	673	 7.3	66.67	13	23	5	2
pep_query	3250	66.667	3	1	0	8	10	2	4	673	 7.3	66.67	13	23	5	2
pep_query	3226	66.667	3	1	0	18	20	2	4	673	 7.3	66.67	13	23	5	2
pep_query	3221	66.667	3	1	0	2	4	2	4	673	 7.3	66.67	13	23	5	2
pep_query	3215	66.667	3	1	0	8	10	2	4	673	 7.3	66.67	13	23	5	2
pep_query	3199	66.667	3	1	0	19	21	1	3	673	 7.3	66.67	13	23	5	2
pep_query	3169	66.667	3	1	0	2	4	2	4	673	 7.3	66.67	13	23	5	2
pep_query	3135	66.667	3	1	0	8	10	1	3	673	 7.3	66.67	13	23	5	2
pep_query	3135	66.667	3	1	0	8	10	3	5	673	 7.3	66.67	13	23	5	2
pep_query	3079	66.667	3	1	0	6	8	3	5	673	 7.3	66.67	17	23	5	2
pep_query	3079	66.667	3	1	0	7	9	3	5	673	 7.3	66.67	17	23	5	2
pep_query	3068	66.667	3	1	0	6	8	3	5	673	 7.3	66.67	17	23	5	2
pep_query	3068	66.667	3	1	0	7	9	3	5	673	 7.3	66.67	17	23	5	2
pep_query	3706	66.667	3	1	0	2	4	2	4	731	 7.3	66.67	13	23	6	2
pep_query	3640	66.667	3	1	0	2	4	2	4	731	 7.3	66.67	13	23	6	2
pep_query	3620	66.667	3	1	0	8	10	2	4	731	 7.3	66.67	13	23	6	2
pep_query	3608	66.667	3	1	0	8	10	3	5	731	 7.3	66.67	13	23	6	2
pep_query	3597	66.667	3	1	0	8	10	4	6	731	 7.3	66.67	13	23	6	2
pep_query	3573	66.667	3	1	0	8	10	3	5	731	 7.3	66.67	13	23	6	2
pep_query	3568	66.667	3	1	0	5	7	4	6	731	 7.3	66.67	13	23	6	2
pep_query	3502	66.667	3	1	0	8	10	3	5	731	 7.3	66.67	13	23	6	2
pep_query	3447	66.667	3	1	0	2	4	1	3	731	 7.3	66.67	13	23	6	2
pep_query	3444	66.667	3	1	0	21	23	4	6	731	 7.3	66.67	13	23	6	2
pep_query	3378	66.667	3	1	0	14	16	3	5	731	 7.3	66.67	13	23	6	2
pep_query	3358	66.667	3	1	0	8	10	4	6	731	 7.3	66.67	13	23	6	2
pep_query	3333	66.667	3	1	0	17	19	3	5	731	 7.3	66.67	13	23	6	2
pep_query	3310	66.667	3	1	0	8	10	3	5	731	 7.3	66.67	13	23	6	2
pep_query	3299	66.667	3	1	0	8	10	2	4	731	 7.3	66.67	13	23	6	2
pep_query	3299	66.667	3	1	0	8	10	4	6	731	 7.3	66.67	13	23	6	2
pep_query	3297	66.667	3	1	0	8	10	4	6	731	 7.3	66.67	13	23	6	2
pep_query	3292	66.667	3	1	0	8	10	3	5	731	 7.3	66.67	13	23	6	2
pep_query	3288	66.667	3	1	0	18	20	3	5	731	 7.3	66.67	13	23	6	2
pep_query	3249	66.667	3	1	0	8	10	1	3	731	 7.3	66.67	13	23	6	2
pep_query	3249	66.667	3	1	0	8	10	3	5	731	 7.3	66.67	13	23	6	2
pep_query	3228	66.667	3	1	0	8	10	1	3	731	 7.3	66.67	13	23	6	2
pep_query	3228	66.667	3	1	0	8	10	3	5	731	 7.3	66.67	13	23	6	2
pep_query	3224	66.667	3	1	0	8	10	3	5	731	 7.3	66.67	13	23	6	2
pep_query	3222	66.667	3	1	0	8	10	2	4	731	 7.3	66.67	13	23	6	2
pep_query	3222	66.667	3	1	0	8	10	4	6	731	 7.3	66.67	13	23	6	2
pep_query	3219	66.667	3	1	0	10	12	2	4	731	 7.3	66.67	13	23	6	2
pep_query	3161	66.667	3	1	0	19	21	2	4	731	 7.3	66.67	13	23	6	2
pep_query	3150	66.667	3	1	0	2	4	2	4	731	 7.3	66.67	13	23	6	2
pep_query	3102	66.667	3	1	0	2	4	2	4	731	 7.3	66.67	13	23	6	2
pep_query	3101	66.667	3	1	0	9	11	2	4	731	 7.3	66.67	13	23	6	2
pep_query	3073	66.667	3	1	0	6	8	1	3	731	 7.3	66.67	17	23	6	2
pep_query	3073	66.667	3	1	0	7	9	1	3	731	 7.3	66.67	17	23	6	2
pep_query	3071	66.667	3	1	0	6	8	4	6	731	 7.3	66.67	17	23	6	2
pep_query	3071	66.667	3	1	0	7	9	4	6	731	 7.3	66.67	17	23	6	2
pep_query	3048	66.667	3	1	0	12	14	1	3	731	 7.3	66.67	13	23	6	2
pep_query	3732	66.667	3	1	0	8	10	4	6	773	 7.3	66.67	13	23	7	2
pep_query	3729	66.667	3	1	0	8	10	2	4	773	 7.3	66.67	13	23	7	2
pep_query	3729	66.667	3	1	0	8	10	4	6	773	 7.3	66.67	13	23	7	2
pep_query	3443	66.667	3	1	0	21	23	4	6	773	 7.3	66.67	13	23	7	2
pep_query	3363	66.667	3	1	0	17	19	4	6	773	 7.3	66.67	13	23	7	2
pep_query	3331	66.667	3	1	0	8	10	1	3	773	 7.3	66.67	13	23	7	2
pep_query	3320	66.667	3	1	0	8	10	3	5	773	 7.3	66.67	13	23	7	2
pep_query	3320	66.667	3	1	0	8	10	5	7	773	 7.3	66.67	13	23	7	2
pep_query	3268	66.667	3	1	0	8	10	3	5	773	 7.3	66.67	13	23	7	2
pep_query	3262	66.667	3	1	0	8	10	4	6	773	 7.3	66.67	13	23	7	2
pep_query	3255	66.667	3	1	0	8	10	4	6	773	 7.3	66.67	13	23	7	2
pep_query	3246	66.667	3	1	0	8	10	2	4	773	 7.3	66.67	13	23	7	2
pep_query	3246	66.667	3	1	0	8	10	4	6	773	 7.3	66.67	13	23	7	2
pep_query	3245	66.667	3	1	0	8	10	2	4	773	 7.3	66.67	13	23	7	2
pep_query	3235	66.667	3	1	0	8	10	1	3	773	 7.3	66.67	17	23	7	2
pep_query	3235	66.667	3	1	0	8	10	3	5	773	 7.3	66.67	17	23	7	2
pep_query	3235	66.667	3	1	0	9	11	5	7	773	 7.3	66.67	17	23	7	2
pep_query	3231	66.667	3	1	0	10	12	2	4	773	 7.3	66.67	26	23	7	2
pep_query	3231	66.667	3	1	0	18	20	4	6	773	 7.3	66.67	26	23	7	2
pep_query	3220	66.667	3	1	0	2	4	2	4	773	 7.3	66.67	13	23	7	2
pep_query	3213	66.667	3	1	0	8	10	2	4	773	 7.3	66.67	13	23	7	2
pep_query	3213	66.667	3	1	0	8	10	4	6	773	 7.3	66.67	13	23	7	2
pep_query	3193	66.667	3	1	0	19	21	2	4	773	 7.3	66.67	13	23	7	2
pep_query	3083	66.667	3	1	0	6	8	5	7	773	 7.3	66.67	17	23	7	2
pep_query	3083	66.667	3	1	0	7	9	5	7	773	 7.3	66.67	17	23	7	2
pep_query	2995	66.667	3	1	0	6	8	3	5	773	 7.3	66.67	17	23	7	2
pep_query	2995	66.667	3	1	0	7	9	3	5	773	 7.3	66.67	17	23	7	2
pep_query	3652	66.667	3	1	0	8	10	1	3	805	 7.3	66.67	13	23	8	2
pep_query	3652	66.667	3	1	0	8	10	3	5	805	 7.3	66.67	13	23	8	2
pep_query	3652	66.667	3	1	0	8	10	5	7	805	 7.3	66.67	13	23	8	2
pep_query	3645	66.667	3	1	0	16	18	5	7	805	 7.3	66.67	13	23	8	2
pep_query	3641	66.667	3	1	0	8	10	2	4	805	 7.3	66.67	13	23	8	2
pep_query	3641	66.667	3	1	0	8	10	4	6	805	 7.3	66.67	13	23	8	2
pep_query	3641	66.667	3	1	0	8	10	6	8	805	 7.3	66.67	13	23	8	2
pep_query	3582	66.667	3	1	0	14	16	2	4	805	 7.3	66.67	13	23	8	2
pep_query	3433	66.667	3	1	0	4	6	6	8	805	 7.3	66.67	26	23	8	2
pep_query	3433	66.667	3	1	0	20	22	6	8	805	 7.3	66.67	26	23	8	2
pep_query	3357	66.667	3	1	0	8	10	4	6	805	 7.3	66.67	13	23	8	2
pep_query	3357	66.667	3	1	0	8	10	6	8	805	 7.3	66.67	13	23	8	2
pep_query	3323	66.667	3	1	0	8	10	2	4	805	 7.3	66.67	13	23	8	2
pep_query	3281	66.667	3	1	0	8	10	5	7	805	 7.3	66.67	13	23	8	2
pep_query	3253	66.667	3	1	0	18	20	3	5	805	 7.3	66.67	30	23	8	2
pep_query	3253	66.667	3	1	0	6	8	6	8	805	 7.3	66.67	30	23	8	2
pep_query	3253	66.667	3	1	0	7	9	6	8	805	 7.3	66.67	30	23	8	2
pep_query	3252	66.667	3	1	0	10	12	2	4	805	 7.3	66.67	13	23	8	2
pep_query	3217	66.667	3	1	0	8	10	3	5	805	 7.3	66.67	13	23	8	2
pep_query	3217	66.667	3	1	0	8	10	5	7	805	 7.3	66.67	13	23	8	2
pep_query	3146	66.667	3	1	0	2	4	3	5	805	 7.3	66.67	13	23	8	2
pep_query	3659	66.667	3	1	0	21	23	6	8	829	 7.3	66.67	13	23	9	2
pep_query	3626	66.667	3	1	0	10	12	5	7	829	 7.3	66.67	13	23	9	2
pep_query	3615	66.667	3	1	0	16	18	5	7	829	 7.3	66.67	26	23	9	2
pep_query	3615	66.667	3	1	0	12	14	7	9	829	 7.3	66.67	26	23	9	2
pep_query	3401	66.667	3	1	0	8	10	2	4	829	 7.3	66.67	13	23	9	2
pep_query	3396	66.667	3	1	0	8	10	3	5	829	 7.3	66.67	13	23	9	2
pep_query	3366	66.667	3	1	0	10	12	4	6	829	 7.3	66.67	26	23	9	2
pep_query	3366	66.667	3	1	0	18	20	6	8	829	 7.3	66.67	26	23	9	2
pep_query	3356	66.667	3	1	0	8	10	4	6	829	 7.3	66.67	13	23	9	2
pep_query	3356	66.667	3	1	0	8	10	6	8	829	 7.3	66.67	13	23	9	2
pep_query	3296	66.667	3	1	0	8	10	4	6	829	 7.3	66.67	13	23	9	2
pep_query	3230	66.667	3	1	0	8	10	2	4	829	 7.3	66.67	13	23	9	2
pep_query	3230	66.667	3	1	0	8	10	4	6	829	 7.3	66.67	13	23	9	2
pep_query	3230	66.667	3	1	0	8	10	6	8	829	 7.3	66.67	13	23	9	2
pep_query	3216	66.667	3	1	0	8	10	3	5	829	 7.3	66.67	13	23	9	2
pep_query	3216	66.667	3	1	0	8	10	5	7	829	 7.3	66.67	13	23	9	2
pep_query	3216	66.667	3	1	0	8	10	7	9	829	 7.3	66.67	13	23	9	2
pep_query	3168	66.667	3	1	0	2	4	2	4	829	 7.3	66.67	13	23	9	2
pep_query	3125	66.667	3	1	0	2	4	4	6	829	 7.3	66.67	13	23	9	2
pep_query	3696	66.667	3	1	0	8	10	2	4	849	 7.3	66.67	17	23	10	2
pep_query	3696	66.667	3	1	0	8	10	4	6	849	 7.3	66.67	17	23	10	2
pep_query	3696	66.667	3	1	0	8	10	6	8	849	 7.3	66.67	17	23	10	2
pep_query	3696	66.667	3	1	0	9	11	8	10	849	 7.3	66.67	17	23	10	2
pep_query	3630	66.667	3	1	0	10	12	3	5	849	 7.3	66.67	35	23	10	2
pep_query	3630	66.667	3	1	0	18	20	5	7	849	 7.3	66.67	35	23	10	2
pep_query	3630	66.667	3	1	0	12	14	8	10	849	 7.3	66.67	35	23	10	2
pep_query	3622	66.667	3	1	0	12	14	6	8	849	 7.3	66.67	13	23	10	2
pep_query	3479	66.667	3	1	0	1	3	2	4	849	 7.3	66.67	39	23	10	2
pep_query	3479	66.667	3	1	0	12	14	4	6	849	 7.3	66.67	39	23	10	2
pep_query	3479	66.667	3	1	0	19	21	6	8	849	 7.3	66.67	39	23	10	2
pep_query	3454	66.667	3	1	0	2	4	5	7	849	 7.3	66.67	13	23	10	2
pep_query	3355	66.667	3	1	0	8	10	4	6	849	 7.3	66.67	13	23	10	2
pep_query	3355	66.667	3	1	0	8	10	6	8	849	 7.3	66.67	13	23	10	2
pep_query	3355	66.667	3	1	0	8	10	8	10	849	 7.3	66.67	13	23	10	2
pep_query	3349	66.667	3	1	0	8	10	2	4	849	 7.3	66.67	22	23	10	2
pep_query	3349	66.667	3	1	0	10	12	7	9	849	 7.3	66.67	22	23	10	2
pep_query	3318	66.667	3	1	0	8	10	4	6	849	 7.3	66.67	13	23	10	2
pep_query	3306	66.667	3	1	0	8	10	3	5	849	 7.3	66.67	26	23	10	2
pep_query	3306	66.667	3	1	0	8	10	5	7	849	 7.3	66.67	26	23	10	2
pep_query	3306	66.667	3	1	0	2	4	7	9	849	 7.3	66.67	26	23	10	2
pep_query	3303	66.667	3	1	0	6	8	2	4	849	 7.3	66.67	22	23	10	2
pep_query	3303	66.667	3	1	0	7	9	2	4	849	 7.3	66.67	22	23	10	2
pep_query	3303	66.667	3	1	0	8	10	8	10	849	 7.3	66.67	22	23	10	2
pep_query	3287	66.667	3	1	0	18	20	3	5	849	 7.3	66.67	30	23	10	2
pep_query	3287	66.667	3	1	0	6	8	6	8	849	 7.3	66.67	30	23	10	2
pep_query	3287	66.667	3	1	0	7	9	6	8	849	 7.3	66.67	30	23	10	2
pep_query	3256	66.667	3	1	0	8	10	3	5	849	 7.3	66.67	13	23	10	2
pep_query	3256	66.667	3	1	0	8	10	5	7	849	 7.3	66.67	13	23	10	2
pep_query	3256	66.667	3	1	0	8	10	7	9	849	 7.3	66.67	13	23	10	2
pep_query	3248	66.667	3	1	0	18	20	1	3	849	 7.3	66.67	30	23	10	2
pep_query	3248	66.667	3	1	0	6	8	4	6	849	 7.3	66.67	30	23	10	2
pep_query	3248	66.667	3	1	0	7	9	4	6	849	 7.3	66.67	30	23	10	2
pep_query	3691	66.667	3	1	0	8	10	5	7	865	 7.3	66.67	13	23	11	2
pep_query	3646	66.667	3	1	0	18	20	4	6	865	 7.3	66.67	30	23	11	2
pep_query	3646	66.667	3	1	0	6	8	7	9	865	 7.3	66.67	30	23	11	2
pep_query	3646	66.667	3	1	0	7	9	7	9	865	 7.3	66.67	30	23	11	2
pep_query	3527	66.667	3	1	0	14	16	1	3	865	 7.3	66.67	13	23	11	2
pep_query	3351	66.667	3	1	0	8	10	8	10	865	 7.3	66.67	13	23	11	2
pep_query	3328	66.667	3	1	0	8	10	5	7	865	 7.3	66.67	13	23	11	2
pep_query	3286	66.667	3	1	0	18	20	3	5	865	 7.3	66.67	30	23	11	2
pep_query	3286	66.667	3	1	0	6	8	6	8	865	 7.3	66.67	30	23	11	2
pep_query	3286	66.667	3	1	0	7	9	6	8	865	 7.3	66.67	30	23	11	2
pep_query	3108	66.667	3	1	0	18	20	2	4	865	 7.3	66.67	13	23	11	2
pep_query	3657	66.667	3	1	0	18	20	5	7	879	 7.3	66.67	30	23	12	2
pep_query	3657	66.667	3	1	0	6	8	8	10	879	 7.3	66.67	30	23	12	2
pep_query	3657	66.667	3	1	0	7	9	8	10	879	 7.3	66.67	30	23	12	2
pep_query	3471	66.667	3	1	0	2	4	9	11	879	 7.3	66.67	13	23	12	2
pep_query	3400	66.667	3	1	0	18	20	1	3	879	 7.3	66.67	35	23	12	2
pep_query	3400	66.667	3	1	0	6	8	4	6	879	 7.3	66.67	35	23	12	2
pep_query	3400	66.667	3	1	0	7	9	4	6	879	 7.3	66.67	35	23	12	2
pep_query	3400	66.667	3	1	0	8	10	10	12	879	 7.3	66.67	35	23	12	2
pep_query	3393	66.667	3	1	0	2	4	3	5	879	 7.3	66.67	13	23	12	2
pep_query	3180	66.667	3	1	0	2	4	9	11	879	 7.3	66.67	13	23	12	2
pep_query	2986	66.667	3	1	0	18	20	8	10	879	 7.3	66.67	13	23	12	2
pep_query	3420	66.667	3	1	0	11	13	7	9	890	 7.3	66.67	13	23	13	2
pep_query	3392	66.667	3	1	0	2	4	3	5	890	 7.3	66.67	13	23	13	2
pep_query	3270	66.667	3	1	0	8	10	2	4	900	 7.3	66.67	13	23	14	2
pep_query	3450	66.667	3	1	0	2	4	10	12	908	 7.3	66.67	13	23	15	2
pep_query	3374	66.667	3	1	0	10	12	3	5	908	 7.3	66.67	26	23	15	2
pep_query	3374	66.667	3	1	0	14	16	13	15	908	 7.3	66.67	26	23	15	2
pep_query	3269	66.667	3	1	0	18	20	3	5	908	 7.3	66.67	35	23	15	2
pep_query	3269	66.667	3	1	0	6	8	6	8	908	 7.3	66.67	35	23	15	2
pep_query	3269	66.667	3	1	0	7	9	6	8	908	 7.3	66.67	35	23	15	2
pep_query	3269	66.667	3	1	0	8	10	12	14	908	 7.3	66.67	35	23	15	2
pep_query	3326	66.667	3	1	0	18	20	2	4	915	 7.3	66.67	35	23	16	2
pep_query	3326	66.667	3	1	0	6	8	5	7	915	 7.3	66.67	35	23	16	2
pep_query	3326	66.667	3	1	0	7	9	5	7	915	 7.3	66.67	35	23	16	2
pep_query	3326	66.667	3	1	0	8	10	11	13	915	 7.3	66.67	35	23	16	2
pep_query	3633	66.667	3	1	0	11	13	13	15	922	 7.3	66.67	13	23	17	2
pep_query	3225	66.667	3	1	0	18	20	3	5	922	 7.3	66.67	35	23	17	2
pep_query	3225	66.667	3	1	0	6	8	6	8	922	 7.3	66.67	35	23	17	2
pep_query	3225	66.667	3	1	0	7	9	6	8	922	 7.3	66.67	35	23	17	2
pep_query	3225	66.667	3	1	0	8	10	12	14	922	 7.3	66.67	35	23	17	2
pep_query	3629	66.667	3	1	0	8	10	5	7	928	 7.3	66.67	22	23	18	2
pep_query	3629	66.667	3	1	0	10	12	10	12	928	 7.3	66.67	22	23	18	2
pep_query	3600	66.667	3	1	0	18	20	4	6	928	 7.3	66.67	35	23	18	2
pep_query	3600	66.667	3	1	0	6	8	7	9	928	 7.3	66.67	35	23	18	2
pep_query	3600	66.667	3	1	0	7	9	7	9	928	 7.3	66.67	35	23	18	2
pep_query	3600	66.667	3	1	0	8	10	13	15	928	 7.3	66.67	35	23	18	2
pep_query	3367	66.667	3	1	0	18	20	5	7	933	 7.3	66.67	35	23	19	2
pep_query	3367	66.667	3	1	0	6	8	8	10	933	 7.3	66.67	35	23	19	2
pep_query	3367	66.667	3	1	0	7	9	8	10	933	 7.3	66.67	35	23	19	2
pep_query	3367	66.667	3	1	0	8	10	14	16	933	 7.3	66.67	35	23	19	2
pep_query	3467	66.667	3	1	0	2	4	15	17	938	 7.3	66.67	13	23	20	2
pep_query	3452	66.667	3	1	0	2	4	20	22	955	 7.3	66.67	13	23	25	2
pep_query	3451	66.667	3	1	0	2	4	20	22	955	 7.3	66.67	13	23	25	2
pep_query	3453	66.667	3	1	0	2	4	21	23	958	 7.3	66.67	13	23	26	2
pep_query	3464	66.667	3	1	0	2	4	22	24	960	 7.3	66.67	13	23	27	2
pep_query	3459	66.667	3	1	0	19	21	1	3	963	 7.3	66.67	26	23	28	2
pep_query	3459	66.667	3	1	0	2	4	23	25	963	 7.3	66.67	26	23	28	2
pep_query	3214	66.667	3	1	0	8	10	17	19	967	 7.3	66.67	22	23	30	2
pep_query	3214	66.667	3	1	0	10	12	22	24	967	 7.3	66.67	22	23	30	2
